This is pdfTeX, Version 3.1415926-1.40.11 (TeX Live 2010) (format=pdflatex 2014.6.13)  29 JUL 2014 09:58
entering extended mode
 restricted \write18 enabled.
 %&-line parsing enabled.
**progressreport.tex
(./progressreport.tex
LaTeX2e <2009/09/24>
Babel <v3.8l> and hyphenation patterns for english, dumylang, nohyphenation, ge
rman-x-2009-06-19, ngerman-x-2009-06-19, ancientgreek, ibycus, arabic, armenian
, basque, bulgarian, catalan, pinyin, coptic, croatian, czech, danish, dutch, u
kenglish, usenglishmax, esperanto, estonian, farsi, finnish, french, galician, 
german, ngerman, swissgerman, monogreek, greek, hungarian, icelandic, assamese,
 bengali, gujarati, hindi, kannada, malayalam, marathi, oriya, panjabi, tamil, 
telugu, indonesian, interlingua, irish, italian, kurmanji, lao, latin, latvian,
 lithuanian, mongolian, mongolianlmc, bokmal, nynorsk, polish, portuguese, roma
nian, russian, sanskrit, serbian, slovak, slovenian, spanish, swedish, turkish,
 turkmen, ukrainian, uppersorbian, welsh, loaded.
(/usr/local/share/texmf/tex/latex/base/article.cls
Document Class: article 2007/10/19 v1.4h Standard LaTeX document class
(/usr/local/share/texmf/tex/latex/base/size10.clo
File: size10.clo 2007/10/19 v1.4h Standard LaTeX file (size option)
)
\c@part=\count79
\c@section=\count80
\c@subsection=\count81
\c@subsubsection=\count82
\c@paragraph=\count83
\c@subparagraph=\count84
\c@figure=\count85
\c@table=\count86
\abovecaptionskip=\skip41
\belowcaptionskip=\skip42
\bibindent=\dimen102
)
(/usr/local/share/texmf/tex/latex/graphics/graphicx.sty
Package: graphicx 1999/02/16 v1.0f Enhanced LaTeX Graphics (DPC,SPQR)

(/usr/local/share/texmf/tex/latex/graphics/keyval.sty
Package: keyval 1999/03/16 v1.13 key=value parser (DPC)
\KV@toks@=\toks14
)
(/usr/local/share/texmf/tex/latex/graphics/graphics.sty
Package: graphics 2009/02/05 v1.0o Standard LaTeX Graphics (DPC,SPQR)

(/usr/local/share/texmf/tex/latex/graphics/trig.sty
Package: trig 1999/03/16 v1.09 sin cos tan (DPC)
)
(/usr/local/share/texmf/tex/latex/latexconfig/graphics.cfg
File: graphics.cfg 2010/04/23 v1.9 graphics configuration of TeX Live
)
Package graphics Info: Driver file: pdftex.def on input line 91.

(/usr/local/share/texmf/tex/latex/pdftex-def/pdftex.def
File: pdftex.def 2011/05/27 v0.06d Graphics/color for pdfTeX

(/usr/local/share/texmf/tex/generic/oberdiek/infwarerr.sty
Package: infwarerr 2010/04/08 v1.3 Providing info/warning/error messages (HO)
)
(/usr/local/share/texmf/tex/generic/oberdiek/ltxcmds.sty
Package: ltxcmds 2011/11/09 v1.22 LaTeX kernel commands for general use (HO)
)
\Gread@gobject=\count87
))
\Gin@req@height=\dimen103
\Gin@req@width=\dimen104
)
(/usr/local/share/texmf/tex/latex/geometry/geometry.sty
Package: geometry 2010/09/12 v5.6 Page Geometry

(/usr/local/share/texmf/tex/generic/oberdiek/ifpdf.sty
Package: ifpdf 2011/01/30 v2.3 Provides the ifpdf switch (HO)
Package ifpdf Info: pdfTeX in PDF mode is detected.
)
(/usr/local/share/texmf/tex/generic/oberdiek/ifvtex.sty
Package: ifvtex 2010/03/01 v1.5 Detect VTeX and its facilities (HO)
Package ifvtex Info: VTeX not detected.
)
(/usr/local/share/texmf/tex/generic/ifxetex/ifxetex.sty
Package: ifxetex 2010/09/12 v0.6 Provides ifxetex conditional
)
\Gm@cnth=\count88
\Gm@cntv=\count89
\c@Gm@tempcnt=\count90
\Gm@bindingoffset=\dimen105
\Gm@wd@mp=\dimen106
\Gm@odd@mp=\dimen107
\Gm@even@mp=\dimen108
\Gm@layoutwidth=\dimen109
\Gm@layoutheight=\dimen110
\Gm@layouthoffset=\dimen111
\Gm@layoutvoffset=\dimen112
\Gm@dimlist=\toks15
) (./progressreport.aux)
\openout1 = `progressreport.aux'.

LaTeX Font Info:    Checking defaults for OML/cmm/m/it on input line 4.
LaTeX Font Info:    ... okay on input line 4.
LaTeX Font Info:    Checking defaults for T1/cmr/m/n on input line 4.
LaTeX Font Info:    ... okay on input line 4.
LaTeX Font Info:    Checking defaults for OT1/cmr/m/n on input line 4.
LaTeX Font Info:    ... okay on input line 4.
LaTeX Font Info:    Checking defaults for OMS/cmsy/m/n on input line 4.
LaTeX Font Info:    ... okay on input line 4.
LaTeX Font Info:    Checking defaults for OMX/cmex/m/n on input line 4.
LaTeX Font Info:    ... okay on input line 4.
LaTeX Font Info:    Checking defaults for U/cmr/m/n on input line 4.
LaTeX Font Info:    ... okay on input line 4.
 (/usr/local/share/texmf/tex/context/base/supp-pdf.mkii
[Loading MPS to PDF converter (version 2006.09.02).]
\scratchcounter=\count91
\scratchdimen=\dimen113
\scratchbox=\box26
\nofMPsegments=\count92
\nofMParguments=\count93
\everyMPshowfont=\toks16
\MPscratchCnt=\count94
\MPscratchDim=\dimen114
\MPnumerator=\count95
\makeMPintoPDFobject=\count96
\everyMPtoPDFconversion=\toks17
) (/usr/local/share/texmf/tex/generic/oberdiek/pdftexcmds.sty
Package: pdftexcmds 2011/11/29 v0.20 Utility functions of pdfTeX for LuaTeX (HO
)

(/usr/local/share/texmf/tex/generic/oberdiek/ifluatex.sty
Package: ifluatex 2010/03/01 v1.3 Provides the ifluatex switch (HO)
Package ifluatex Info: LuaTeX not detected.
)
Package pdftexcmds Info: LuaTeX not detected.
Package pdftexcmds Info: \pdf@primitive is available.
Package pdftexcmds Info: \pdf@ifprimitive is available.
Package pdftexcmds Info: \pdfdraftmode found.
)
(/usr/local/share/texmf/tex/latex/oberdiek/epstopdf-base.sty
Package: epstopdf-base 2010/02/09 v2.5 Base part for package epstopdf

(/usr/local/share/texmf/tex/latex/oberdiek/grfext.sty
Package: grfext 2010/08/19 v1.1 Manage graphics extensions (HO)

(/usr/local/share/texmf/tex/generic/oberdiek/kvdefinekeys.sty
Package: kvdefinekeys 2011/04/07 v1.3 Define keys (HO)
))
(/usr/local/share/texmf/tex/latex/oberdiek/kvoptions.sty
Package: kvoptions 2011/06/30 v3.11 Key value format for package options (HO)

(/usr/local/share/texmf/tex/generic/oberdiek/kvsetkeys.sty
Package: kvsetkeys 2012/04/25 v1.16 Key value parser (HO)

(/usr/local/share/texmf/tex/generic/oberdiek/etexcmds.sty
Package: etexcmds 2011/02/16 v1.5 Avoid name clashes with e-TeX commands (HO)
Package etexcmds Info: Could not find \expanded.
(etexcmds)             That can mean that you are not using pdfTeX 1.50 or
(etexcmds)             that some package has redefined \expanded.
(etexcmds)             In the latter case, load this package earlier.
)))
Package grfext Info: Graphics extension search list:
(grfext)             [.png,.pdf,.jpg,.mps,.jpeg,.jbig2,.jb2,.PNG,.PDF,.JPG,.JPE
G,.JBIG2,.JB2,.eps]
(grfext)             \AppendGraphicsExtensions on input line 452.

(/usr/local/share/texmf/tex/latex/latexconfig/epstopdf-sys.cfg
File: epstopdf-sys.cfg 2010/07/13 v1.3 Configuration of (r)epstopdf for TeX Liv
e
))
*geometry* driver: auto-detecting
*geometry* detected driver: pdftex
*geometry* verbose mode - [ preamble ] result:
* driver: pdftex
* paper: a4paper
* layout: <same size as paper>
* layoutoffset:(h,v)=(0.0pt,0.0pt)
* modes: 
* h-part:(L,W,R)=(71.13188pt, 455.24411pt, 71.13188pt)
* v-part:(T,H,B)=(71.13188pt, 702.78308pt, 71.13188pt)
* \paperwidth=597.50787pt
* \paperheight=845.04684pt
* \textwidth=455.24411pt
* \textheight=702.78308pt
* \oddsidemargin=-1.1381pt
* \evensidemargin=-1.1381pt
* \topmargin=-38.1381pt
* \headheight=12.0pt
* \headsep=25.0pt
* \topskip=10.0pt
* \footskip=30.0pt
* \marginparwidth=57.0pt
* \marginparsep=11.0pt
* \columnsep=10.0pt
* \skip\footins=9.0pt plus 4.0pt minus 2.0pt
* \hoffset=0.0pt
* \voffset=0.0pt
* \mag=1000
* \@twocolumnfalse
* \@twosidefalse
* \@mparswitchfalse
* \@reversemarginfalse
* (1in=72.27pt=25.4mm, 1cm=28.453pt)

LaTeX Font Info:    External font `cmex10' loaded for size
(Font)              <12> on input line 7.
LaTeX Font Info:    External font `cmex10' loaded for size
(Font)              <8> on input line 7.
LaTeX Font Info:    External font `cmex10' loaded for size
(Font)              <6> on input line 7.
<images/IMG_0121_scaled.JPG, id=1, 411.136pt x 405.1135pt>
File: images/IMG_0121_scaled.JPG Graphic file (type jpg)

<use images/IMG_0121_scaled.JPG>
Package pdftex.def Info: images/IMG_0121_scaled.JPG used on input line 28.
(pdftex.def)             Requested size: 256.0748pt x 252.32372pt.


LaTeX Warning: `!h' float specifier changed to `!ht'.

<images/ccd.png, id=2, 1358.07375pt x 990.70125pt>
File: images/ccd.png Graphic file (type png)
 <use images/ccd.png>
Package pdftex.def Info: images/ccd.png used on input line 42.
(pdftex.def)             Requested size: 256.0748pt x 186.79909pt.


LaTeX Warning: `!h' float specifier changed to `!ht'.

LaTeX Font Info:    External font `cmex10' loaded for size
(Font)              <7> on input line 49.
LaTeX Font Info:    External font `cmex10' loaded for size
(Font)              <5> on input line 49.
[1

{/var/lib/texmf/fonts/map/pdftex/updmap/pdftex.map}]
<images/run010_r_inverted.png, id=15, 1084.05pt x 1035.87pt>
File: images/run010_r_inverted.png Graphic file (type png)

<use images/run010_r_inverted.png>
Package pdftex.def Info: images/run010_r_inverted.png used on input line 55.
(pdftex.def)             Requested size: 170.71652pt x 163.11877pt.

<images/run016_r_inverted.png, id=16, 1084.05pt x 1035.87pt>
File: images/run016_r_inverted.png Graphic file (type png)

<use images/run016_r_inverted.png>
Package pdftex.def Info: images/run016_r_inverted.png used on input line 61.
(pdftex.def)             Requested size: 170.71652pt x 163.11877pt.
 [2 <./images/IMG_0121_scaled.JPG> <./images/ccd.png (PNG copy)>]
LaTeX Font Info:    Try loading font information for OMS+cmr on input line 75.
 (/usr/local/share/texmf/tex/latex/base/omscmr.fd
File: omscmr.fd 1999/05/25 v2.5h Standard LaTeX font definitions
)
LaTeX Font Info:    Font shape `OMS/cmr/m/n' in size <10> not available
(Font)              Font shape `OMS/cmsy/m/n' tried instead on input line 75.
 [3 <./images/run010_r_inverted.png (PNG copy)> <./images/run016_r_inverted.png
 (PNG copy)>] [4] <images/flowchart.png, id=28, 1395.2125pt x 786.94pt>
File: images/flowchart.png Graphic file (type png)

<use images/flowchart.png>
Package pdftex.def Info: images/flowchart.png used on input line 166.
(pdftex.def)             Requested size: 369.88582pt x 208.62216pt.


LaTeX Warning: `!h' float specifier changed to `!ht'.

<images/webpublish.png, id=29, 1366.35469pt x 773.13844pt>
File: images/webpublish.png Graphic file (type png)

<use images/webpublish.png>
Package pdftex.def Info: images/webpublish.png used on input line 174.
(pdftex.def)             Requested size: 369.88582pt x 209.29283pt.


LaTeX Warning: `!h' float specifier changed to `!ht'.

[5] <images/browser.png, id=34, 1174.3875pt x 2519.4125pt>
File: images/browser.png Graphic file (type png)

<use images/browser.png>
Package pdftex.def Info: images/browser.png used on input line 202.
(pdftex.def)             Requested size: 256.0748pt x 549.35176pt.
 [6 <./images/flowchart.png (PNG copy)> <./images/webpublish.png (PNG copy)>] [
7 <./images/browser.png>]
<images/V834Cen.png, id=44, 1390.44469pt x 675.27281pt>
File: images/V834Cen.png Graphic file (type png)

<use images/V834Cen.png>
Package pdftex.def Info: images/V834Cen.png used on input line 237.
(pdftex.def)             Requested size: 341.43306pt x 165.80907pt.


LaTeX Warning: `!h' float specifier changed to `!ht'.

[8] [9 <./images/V834Cen.png (PNG copy)>] [10] [11] (./progressreport.aux) ) 
Here is how much of TeX's memory you used:
 2046 strings out of 493747
 29394 string characters out of 3148626
 94006 words of memory out of 3500000
 5320 multiletter control sequences out of 15000+200000
 8848 words of font info for 31 fonts, out of 3000000 for 9000
 714 hyphenation exceptions out of 8191
 38i,7n,32p,887b,277s stack positions out of 5000i,500n,10000p,200000b,50000s
</u
sr/local/share/texmf/fonts/type1/public/amsfonts/cm/cmbx10.pfb></usr/local/shar
e/texmf/fonts/type1/public/amsfonts/cm/cmbx12.pfb></usr/local/share/texmf/fonts
/type1/public/amsfonts/cm/cmbx9.pfb></usr/local/share/texmf/fonts/type1/public/
amsfonts/cm/cmr10.pfb></usr/local/share/texmf/fonts/type1/public/amsfonts/cm/cm
r12.pfb></usr/local/share/texmf/fonts/type1/public/amsfonts/cm/cmr17.pfb></usr/
local/share/texmf/fonts/type1/public/amsfonts/cm/cmr9.pfb></usr/local/share/tex
mf/fonts/type1/public/amsfonts/cm/cmsy10.pfb></usr/local/share/texmf/fonts/type
1/public/amsfonts/cm/cmsy7.pfb></usr/local/share/texmf/fonts/type1/public/amsfo
nts/cm/cmti10.pfb>
Output written on progressreport.pdf (11 pages, 4523976 bytes).
PDF statistics:
 90 PDF objects out of 1000 (max. 8388607)
 57 compressed objects within 1 object stream
 0 named destinations out of 1000 (max. 500000)
 41 words of extra memory for PDF output out of 10000 (max. 10000000)

