This is pdfTeX, Version 3.1415926-1.40.11 (TeX Live 2010) (format=pdflatex 2014.11.20)  14 DEC 2014 21:25
entering extended mode
 restricted \write18 enabled.
 %&-line parsing enabled.
**rashleyMSCthesis.tex
(./rashleyMSCthesis.tex
LaTeX2e <2009/09/24>
Babel <v3.8l> and hyphenation patterns for english, dumylang, nohyphenation, ge
rman-x-2009-06-19, ngerman-x-2009-06-19, ancientgreek, ibycus, arabic, armenian
, basque, bulgarian, catalan, pinyin, coptic, croatian, czech, danish, dutch, u
kenglish, usenglishmax, esperanto, estonian, farsi, finnish, french, galician, 
german, ngerman, swissgerman, monogreek, greek, hungarian, icelandic, assamese,
 bengali, gujarati, hindi, kannada, malayalam, marathi, oriya, panjabi, tamil, 
telugu, indonesian, interlingua, irish, italian, kurmanji, lao, latin, latvian,
 lithuanian, mongolian, mongolianlmc, bokmal, nynorsk, polish, portuguese, roma
nian, russian, sanskrit, serbian, slovak, slovenian, spanish, swedish, turkish,
 turkmen, ukrainian, uppersorbian, welsh, loaded.
(/usr/local/share/texmf/tex/latex/base/report.cls
Document Class: report 2014/09/29 v1.4h Standard LaTeX document class
(/usr/local/share/texmf/tex/latex/base/size12.clo
File: size12.clo 2014/09/29 v1.4h Standard LaTeX file (size option)
)
\c@part=\count79
\c@chapter=\count80
\c@section=\count81
\c@subsection=\count82
\c@subsubsection=\count83
\c@paragraph=\count84
\c@subparagraph=\count85
\c@figure=\count86
\c@table=\count87
\abovecaptionskip=\skip41
\belowcaptionskip=\skip42
\bibindent=\dimen102
) (./aas_macros.sty)
(./warwickthesis.sty
*************************************************************
** Warwick Thesis Style File Sept 1996 
*************************************************************
\hour=\count88
\minute=\count89
\dow=\count90
\leap=\count91
\x=\count92
\y=\count93
) (/usr/local/share/texmf/tex/latex/setspace/setspace.sty
Package: setspace 2011/12/19 v6.7a set line spacing
)
(/usr/local/share/texmf/tex/latex/graphics/graphicx.sty
Package: graphicx 2014/04/25 v1.0g Enhanced LaTeX Graphics (DPC,SPQR)

(/usr/local/share/texmf/tex/latex/graphics/keyval.sty
Package: keyval 2014/05/08 v1.15 key=value parser (DPC)
\KV@toks@=\toks14
)
(/usr/local/share/texmf/tex/latex/graphics/graphics.sty
Package: graphics 2009/02/05 v1.0o Standard LaTeX Graphics (DPC,SPQR)

(/usr/local/share/texmf/tex/latex/graphics/trig.sty
Package: trig 1999/03/16 v1.09 sin cos tan (DPC)
)
(/usr/local/share/texmf/tex/latex/latexconfig/graphics.cfg
File: graphics.cfg 2010/04/23 v1.9 graphics configuration of TeX Live
)
Package graphics Info: Driver file: pdftex.def on input line 91.

(/usr/local/share/texmf/tex/latex/pdftex-def/pdftex.def
File: pdftex.def 2011/05/27 v0.06d Graphics/color for pdfTeX

(/usr/local/share/texmf/tex/generic/oberdiek/infwarerr.sty
Package: infwarerr 2010/04/08 v1.3 Providing info/warning/error messages (HO)
)
(/usr/local/share/texmf/tex/generic/oberdiek/ltxcmds.sty
Package: ltxcmds 2011/11/09 v1.22 LaTeX kernel commands for general use (HO)
)
\Gread@gobject=\count94
))
\Gin@req@height=\dimen103
\Gin@req@width=\dimen104
)
(/usr/local/share/texmf/tex/latex/natbib/natbib.sty
Package: natbib 2010/09/13 8.31b (PWD, AO)
\bibhang=\skip43
\bibsep=\skip44
LaTeX Info: Redefining \cite on input line 694.
\c@NAT@ctr=\count95
)
(/usr/local/share/texmf/tex/latex/tools/enumerate.sty
Package: enumerate 2014/10/28 v3.00 enumerate extensions (DPC)
\@enLab=\toks15
)
(/usr/local/share/texmf/tex/latex/hyperref/hyperref.sty
Package: hyperref 2012/11/06 v6.83m Hypertext links for LaTeX

(/usr/local/share/texmf/tex/generic/oberdiek/hobsub-hyperref.sty
Package: hobsub-hyperref 2012/05/28 v1.13 Bundle oberdiek, subset hyperref (HO)


(/usr/local/share/texmf/tex/generic/oberdiek/hobsub-generic.sty
Package: hobsub-generic 2012/05/28 v1.13 Bundle oberdiek, subset generic (HO)
Package: hobsub 2012/05/28 v1.13 Construct package bundles (HO)
Package hobsub Info: Skipping package `infwarerr' (already loaded).
Package hobsub Info: Skipping package `ltxcmds' (already loaded).
Package: ifluatex 2010/03/01 v1.3 Provides the ifluatex switch (HO)
Package ifluatex Info: LuaTeX not detected.
Package: ifvtex 2010/03/01 v1.5 Detect VTeX and its facilities (HO)
Package ifvtex Info: VTeX not detected.
Package: intcalc 2007/09/27 v1.1 Expandable calculations with integers (HO)
Package: ifpdf 2011/01/30 v2.3 Provides the ifpdf switch (HO)
Package ifpdf Info: pdfTeX in PDF mode is detected.
Package: etexcmds 2011/02/16 v1.5 Avoid name clashes with e-TeX commands (HO)
Package etexcmds Info: Could not find \expanded.
(etexcmds)             That can mean that you are not using pdfTeX 1.50 or
(etexcmds)             that some package has redefined \expanded.
(etexcmds)             In the latter case, load this package earlier.
Package: kvsetkeys 2012/04/25 v1.16 Key value parser (HO)
Package: kvdefinekeys 2011/04/07 v1.3 Define keys (HO)
Package: pdftexcmds 2011/11/29 v0.20 Utility functions of pdfTeX for LuaTeX (HO
)
Package pdftexcmds Info: LuaTeX not detected.
Package pdftexcmds Info: \pdf@primitive is available.
Package pdftexcmds Info: \pdf@ifprimitive is available.
Package pdftexcmds Info: \pdfdraftmode found.
Package: pdfescape 2011/11/25 v1.13 Implements pdfTeX's escape features (HO)
Package: bigintcalc 2012/04/08 v1.3 Expandable calculations on big integers (HO
)
Package: bitset 2011/01/30 v1.1 Handle bit-vector datatype (HO)
Package: uniquecounter 2011/01/30 v1.2 Provide unlimited unique counter (HO)
)
Package hobsub Info: Skipping package `hobsub' (already loaded).
Package: letltxmacro 2010/09/02 v1.4 Let assignment for LaTeX macros (HO)
Package: hopatch 2012/05/28 v1.2 Wrapper for package hooks (HO)
Package: xcolor-patch 2011/01/30 xcolor patch
Package: atveryend 2011/06/30 v1.8 Hooks at the very end of document (HO)
Package atveryend Info: \enddocument detected (standard).
Package: atbegshi 2011/10/05 v1.16 At begin shipout hook (HO)
Package: refcount 2011/10/16 v3.4 Data extraction from label references (HO)
Package: hycolor 2011/01/30 v1.7 Color options for hyperref/bookmark (HO)
)
(/usr/local/share/texmf/tex/generic/ifxetex/ifxetex.sty
Package: ifxetex 2010/09/12 v0.6 Provides ifxetex conditional
)
(/usr/local/share/texmf/tex/latex/oberdiek/auxhook.sty
Package: auxhook 2011/03/04 v1.3 Hooks for auxiliary files (HO)
)
(/usr/local/share/texmf/tex/latex/oberdiek/kvoptions.sty
Package: kvoptions 2011/06/30 v3.11 Key value format for package options (HO)
)
\@linkdim=\dimen105
\Hy@linkcounter=\count96
\Hy@pagecounter=\count97

(/usr/local/share/texmf/tex/latex/hyperref/pd1enc.def
File: pd1enc.def 2012/11/06 v6.83m Hyperref: PDFDocEncoding definition (HO)
)
\Hy@SavedSpaceFactor=\count98

(/usr/local/share/texmf/tex/latex/latexconfig/hyperref.cfg
File: hyperref.cfg 2002/06/06 v1.2 hyperref configuration of TeXLive
)
Package hyperref Info: Hyper figures OFF on input line 4443.
Package hyperref Info: Link nesting OFF on input line 4448.
Package hyperref Info: Hyper index ON on input line 4451.
Package hyperref Info: Plain pages OFF on input line 4458.
Package hyperref Info: Backreferencing OFF on input line 4463.
Package hyperref Info: Implicit mode ON; LaTeX internals redefined.
Package hyperref Info: Bookmarks ON on input line 4688.
\c@Hy@tempcnt=\count99

(/usr/local/share/texmf/tex/latex/url/url.sty
\Urlmuskip=\muskip10
Package: url 2013/09/16  ver 3.4  Verb mode for urls, etc.
)
LaTeX Info: Redefining \url on input line 5041.
\XeTeXLinkMargin=\dimen106
\Fld@menulength=\count100
\Field@Width=\dimen107
\Fld@charsize=\dimen108
Package hyperref Info: Hyper figures OFF on input line 6295.
Package hyperref Info: Link nesting OFF on input line 6300.
Package hyperref Info: Hyper index ON on input line 6303.
Package hyperref Info: backreferencing OFF on input line 6310.
Package hyperref Info: Link coloring OFF on input line 6315.
Package hyperref Info: Link coloring with OCG OFF on input line 6320.
Package hyperref Info: PDF/A mode OFF on input line 6325.
LaTeX Info: Redefining \ref on input line 6365.
LaTeX Info: Redefining \pageref on input line 6369.
\Hy@abspage=\count101
\c@Item=\count102
\c@Hfootnote=\count103
)

Package hyperref Message: Driver (autodetected): hpdftex.

(/usr/local/share/texmf/tex/latex/hyperref/hpdftex.def
File: hpdftex.def 2012/11/06 v6.83m Hyperref driver for pdfTeX
\Fld@listcount=\count104
\c@bookmark@seq@number=\count105

(/usr/local/share/texmf/tex/latex/oberdiek/rerunfilecheck.sty
Package: rerunfilecheck 2011/04/15 v1.7 Rerun checks for auxiliary files (HO)
Package uniquecounter Info: New unique counter `rerunfilecheck' on input line 2
82.
)
\Hy@SectionHShift=\skip45
)
(/usr/local/share/texmf/tex/latex/listings/listings.sty
\lst@mode=\count106
\lst@gtempboxa=\box26
\lst@token=\toks16
\lst@length=\count107
\lst@currlwidth=\dimen109
\lst@column=\count108
\lst@pos=\count109
\lst@lostspace=\dimen110
\lst@width=\dimen111
\lst@newlines=\count110
\lst@lineno=\count111
\lst@maxwidth=\dimen112

(/usr/local/share/texmf/tex/latex/listings/lstmisc.sty
File: lstmisc.sty 2014/09/06 1.5e (Carsten Heinz)
\c@lstnumber=\count112
\lst@skipnumbers=\count113
\lst@framebox=\box27
)
(/usr/local/share/texmf/tex/latex/listings/listings.cfg
File: listings.cfg 2014/09/06 1.5e listings configuration
))
Package: listings 2014/09/06 1.5e (Carsten Heinz)

(/usr/local/share/texmf/tex/latex/tools/tabularx.sty
Package: tabularx 2014/10/28 v2.10 `tabularx' package (DPC)

(/usr/local/share/texmf/tex/latex/tools/array.sty
Package: array 2014/10/28 v2.4c Tabular extension package (FMi)
\col@sep=\dimen113
\extrarowheight=\dimen114
\NC@list=\toks17
\extratabsurround=\skip46
\backup@length=\skip47
)
\TX@col@width=\dimen115
\TX@old@table=\dimen116
\TX@old@col=\dimen117
\TX@target=\dimen118
\TX@delta=\dimen119
\TX@cols=\count114
\TX@ftn=\toks18
) (./rashleyMSCthesis.aux

LaTeX Warning: Label `fig:wumadiagram' multiply defined.


LaTeX Warning: Label `fig:gumus-discovery' multiply defined.

)
\openout1 = `rashleyMSCthesis.aux'.

LaTeX Font Info:    Checking defaults for OML/cmm/m/it on input line 197.
LaTeX Font Info:    ... okay on input line 197.
LaTeX Font Info:    Checking defaults for T1/cmr/m/n on input line 197.
LaTeX Font Info:    ... okay on input line 197.
LaTeX Font Info:    Checking defaults for OT1/cmr/m/n on input line 197.
LaTeX Font Info:    ... okay on input line 197.
LaTeX Font Info:    Checking defaults for OMS/cmsy/m/n on input line 197.
LaTeX Font Info:    ... okay on input line 197.
LaTeX Font Info:    Checking defaults for OMX/cmex/m/n on input line 197.
LaTeX Font Info:    ... okay on input line 197.
LaTeX Font Info:    Checking defaults for U/cmr/m/n on input line 197.
LaTeX Font Info:    ... okay on input line 197.
LaTeX Font Info:    Checking defaults for PD1/pdf/m/n on input line 197.
LaTeX Font Info:    ... okay on input line 197.
 (/usr/local/share/texmf/tex/context/base/supp-pdf.mkii
[Loading MPS to PDF converter (version 2006.09.02).]
\scratchcounter=\count115
\scratchdimen=\dimen120
\scratchbox=\box28
\nofMPsegments=\count116
\nofMParguments=\count117
\everyMPshowfont=\toks19
\MPscratchCnt=\count118
\MPscratchDim=\dimen121
\MPnumerator=\count119
\makeMPintoPDFobject=\count120
\everyMPtoPDFconversion=\toks20
) (/usr/local/share/texmf/tex/latex/oberdiek/epstopdf-base.sty
Package: epstopdf-base 2010/02/09 v2.5 Base part for package epstopdf

(/usr/local/share/texmf/tex/latex/oberdiek/grfext.sty
Package: grfext 2010/08/19 v1.1 Manage graphics extensions (HO)
)
Package grfext Info: Graphics extension search list:
(grfext)             [.png,.pdf,.jpg,.mps,.jpeg,.jbig2,.jb2,.PNG,.PDF,.JPG,.JPE
G,.JBIG2,.JB2,.eps]
(grfext)             \AppendGraphicsExtensions on input line 452.

(/usr/local/share/texmf/tex/latex/latexconfig/epstopdf-sys.cfg
File: epstopdf-sys.cfg 2010/07/13 v1.3 Configuration of (r)epstopdf for TeX Liv
e
))
\AtBeginShipoutBox=\box29
Package hyperref Info: Link coloring OFF on input line 197.

(/usr/local/share/texmf/tex/latex/hyperref/nameref.sty
Package: nameref 2012/10/27 v2.43 Cross-referencing by name of section

(/usr/local/share/texmf/tex/generic/oberdiek/gettitlestring.sty
Package: gettitlestring 2010/12/03 v1.4 Cleanup title references (HO)
)
\c@section@level=\count121
)
LaTeX Info: Redefining \ref on input line 197.
LaTeX Info: Redefining \pageref on input line 197.
LaTeX Info: Redefining \nameref on input line 197.

(./rashleyMSCthesis.out) (./rashleyMSCthesis.out)
\@outlinefile=\write3
\openout3 = `rashleyMSCthesis.out'.

\c@lstlisting=\count122

<the_warwick_uni_blue.pdf, id=313, 156.585pt x 45.16875pt>
File: the_warwick_uni_blue.pdf Graphic file (type pdf)

<use the_warwick_uni_blue.pdf>
Package pdftex.def Info: the_warwick_uni_blue.pdf used on input line 200.
(pdftex.def)             Requested size: 170.71652pt x 49.24672pt.
LaTeX Font Info:    Try loading font information for OT1+phv on input line 200.


(/usr/local/share/texmf/tex/latex/psnfss/ot1phv.fd
File: ot1phv.fd 2001/06/04 scalable font definitions for OT1/phv.
)
LaTeX Font Info:    Font shape `OT1/phv/bx/n' in size <12> not available
(Font)              Font shape `OT1/phv/b/n' tried instead on input line 200.
LaTeX Font Info:    Font shape `OT1/phv/bx/n' in size <17.28> not available
(Font)              Font shape `OT1/phv/b/n' tried instead on input line 200.
Missing character: There is no â in font phvr7t!
Missing character: There is no € in font phvr7t!
Missing character: There is no ™ in font phvr7t!
LaTeX Font Info:    External font `cmex10' loaded for size
(Font)              <12> on input line 200.
LaTeX Font Info:    External font `cmex10' loaded for size
(Font)              <8> on input line 200.
LaTeX Font Info:    External font `cmex10' loaded for size
(Font)              <6> on input line 200.
 [1

{/var/lib/texmf/fonts/map/pdftex/updmap/pdftex.map} <./the_warwick_uni_blue.pdf
>] [2]
LaTeX Font Info:    Try loading font information for OMS+phv on input line 200.


(/usr/local/share/texmf/tex/latex/psnfss/omsphv.fd
File: omsphv.fd 
)
LaTeX Font Info:    Font shape `OMS/phv/m/n' in size <12> not available
(Font)              Font shape `OMS/cmsy/m/n' tried instead on input line 200.
LaTeX Font Info:    Font shape `OT1/phv/m/it' in size <12> not available
(Font)              Font shape `OT1/phv/m/sl' tried instead on input line 200.

Overfull \hbox (0.85359pt too wide) in paragraph at lines 200--200
[] [] 
 []


Underfull \hbox (badness 10000) in paragraph at lines 200--200

 []

[3] [4] <crest_fullcolour.pdf, id=354, 40.15pt x 50.1875pt>
File: crest_fullcolour.pdf Graphic file (type pdf)

<use crest_fullcolour.pdf>
Package pdftex.def Info: crest_fullcolour.pdf used on input line 204.
(pdftex.def)             Requested size: 142.26378pt x 177.87045pt.

<the_warwick_uni_black.pdf, id=355, 157.58875pt x 46.1725pt>
File: the_warwick_uni_black.pdf Graphic file (type pdf)

<use the_warwick_uni_black.pdf>
Package pdftex.def Info: the_warwick_uni_black.pdf used on input line 204.
(pdftex.def)             Requested size: 170.71652pt x 50.02193pt.

Overfull \hbox (29.30411pt too wide) in paragraph at lines 204--204
 [][] 
 []

[5 <./crest_fullcolour.pdf> <./the_warwick_uni_black.pdf>]
(./rashleyMSCthesis.tocpdfTeX warning (ext4): destination with the same identif
ier (name{page.i}) has been already used, duplicate ignored
<to be read again> 
                   \relax 
l.28 ...\numberline {1.5}Summary}{22}{section.1.5}
                                                   [1

]pdfTeX warning (ext4): destination with the same identifier (name{page.ii}) ha
s been already used, duplicate ignored
<to be read again> 
                   \relax 
l.68 ...13-07-21-run011-162}{83}{subsection.5.3.4}
                                                   [2])
\tf@toc=\write4
\openout4 = `rashleyMSCthesis.toc'.

pdfTeX warning (ext4): destination with the same identifier (name{page.iii}) ha
s been already used, duplicate ignored
<to be read again> 
                   \relax 
l.216 \begin{thesisacknowledgments}
                                           %% Use this to write your [3]pdfTeX 
warning (ext4): destination with the same identifier (name{page.iv}) has been a
lready used, duplicate ignored
<to be read again> 
                   \relax 
l.236 \end{thesisacknowledgments}
                                  [4

]pdfTeX warning (ext4): destination with the same identifier (name{page.v}) has
 been already used, duplicate ignored
<to be read again> 
                   \relax 
l.251 \end{thesisdeclaration}
                              [5

] (./abstract.tex) [6

] [7

]
Chapter 1.
(./introduction.tex
LaTeX Font Info:    Try loading font information for OML+cmr on input line 5.
 (/usr/local/share/texmf/tex/latex/base/omlcmr.fd
File: omlcmr.fd 2014/09/29 v2.5h Standard LaTeX font definitions
)
LaTeX Font Info:    Font shape `OML/cmr/m/n' in size <12> not available
(Font)              Font shape `OML/cmm/m/it' tried instead on input line 5.
 [1

]
Underfull \vbox (badness 7595) has occurred while \output is active []

 [2]
<images/wienslaw.png, id=504, 765.86125pt x 403.5075pt>
File: images/wienslaw.png Graphic file (type png)

<use images/wienslaw.png>
Package pdftex.def Info: images/wienslaw.png used on input line 13.
(pdftex.def)             Requested size: 256.0748pt x 134.9188pt.
LaTeX Font Info:    External font `cmex10' loaded for size
(Font)              <7> on input line 17.
LaTeX Font Info:    External font `cmex10' loaded for size
(Font)              <5> on input line 17.

Underfull \vbox (badness 4303) has occurred while \output is active []

 [3 <./images/wienslaw.png>] <images/wuma_diagram.png, id=527, 23.37868pt x 16.
36034pt>
File: images/wuma_diagram.png Graphic file (type png)

<use images/wuma_diagram.png>
Package pdftex.def Info: images/wuma_diagram.png used on input line 30.
(pdftex.def)             Requested size: 256.0748pt x 179.22783pt.

Underfull \vbox (badness 1603) has occurred while \output is active []

 [4]
[5 <./images/wuma_diagram.png (PNG copy)>] [6]
<images/EQ_Peg_typical_flare.png, id=563, 479.54156pt x 325.96782pt>
File: images/EQ_Peg_typical_flare.png Graphic file (type png)

<use images/EQ_Peg_typical_flare.png>
Package pdftex.def Info: images/EQ_Peg_typical_flare.png used on input line 64.

(pdftex.def)             Requested size: 312.9803pt x 212.75195pt.
 [7]
<images/ucamoptics.png, id=580, 993.7125pt x 563.10374pt>
File: images/ucamoptics.png Graphic file (type png)

<use images/ucamoptics.png>
Package pdftex.def Info: images/ucamoptics.png used on input line 81.
(pdftex.def)             Requested size: 341.43306pt x 193.48051pt.
Missing character: There is no â in font cmr12!
Missing character: There is no € in font cmr12!
Missing character: There is no “ in font cmr12!
Missing character: There is no â in font cmr12!
Missing character: There is no € in font cmr12!
Missing character: There is no “ in font cmr12!

Underfull \vbox (badness 10000) has occurred while \output is active []

 [8 <./images/EQ_Peg_typical_flare.png (PNG copy)>] [9 <./images/ucamoptics.png
 (PNG copy)>] <images/IMG_0121_scaled.JPG, id=598, 411.136pt x 405.1135pt>
File: images/IMG_0121_scaled.JPG Graphic file (type jpg)

<use images/IMG_0121_scaled.JPG>
Package pdftex.def Info: images/IMG_0121_scaled.JPG used on input line 92.
(pdftex.def)             Requested size: 256.0748pt x 252.32372pt.

<images/ucamresponsecurves.png, id=600, 620.3175pt x 807.015pt>
File: images/ucamresponsecurves.png Graphic file (type png)

<use images/ucamresponsecurves.png>
Package pdftex.def Info: images/ucamresponsecurves.png used on input line 102.
(pdftex.def)             Requested size: 369.88582pt x 481.20811pt.

Overfull \hbox (54.34839pt too wide) in paragraph at lines 113--123
[][]
 []

[10 <./images/IMG_0121_scaled.JPG>] [11 <./images/ucamresponsecurves.png (PNG c
opy)>] <images/ccd.png, id=618, 1358.07375pt x 990.70125pt>
File: images/ccd.png Graphic file (type png)

<use images/ccd.png>
Package pdftex.def Info: images/ccd.png used on input line 132.
(pdftex.def)             Requested size: 256.0748pt x 186.79909pt.
 [12]
<images/run010_r_inverted.png, id=624, 1084.05pt x 1035.87pt>
File: images/run010_r_inverted.png Graphic file (type png)

<use images/run010_r_inverted.png>
Package pdftex.def Info: images/run010_r_inverted.png used on input line 145.
(pdftex.def)             Requested size: 341.43306pt x 326.25336pt.

<images/run016_r_inverted.png, id=625, 1084.05pt x 1035.87pt>
File: images/run016_r_inverted.png Graphic file (type png)

<use images/run016_r_inverted.png>
Package pdftex.def Info: images/run016_r_inverted.png used on input line 154.
(pdftex.def)             Requested size: 341.43306pt x 326.25336pt.

<images/run018_r_inverted.png, id=626, 1084.05pt x 1035.87pt>
File: images/run018_r_inverted.png Graphic file (type png)

<use images/run018_r_inverted.png>
Package pdftex.def Info: images/run018_r_inverted.png used on input line 163.
(pdftex.def)             Requested size: 341.43306pt x 326.25336pt.
 [13 <./images/ccd.png (PNG copy)>] [14 <./images/run010_r_inverted.png (PNG co
py)>] [15 <./images/run016_r_inverted.png (PNG copy)>] [16 <./images/run018_r_i
nverted.png (PNG copy)>] [17]
Package epstopdf Info: Source file: <images/hist0-600_log.eps>
(epstopdf)                    date: 2014-11-24 12:18:40
(epstopdf)                    size: 42300 bytes
(epstopdf)             Output file: <images/hist0-600_log-eps-converted-to.pdf>

(epstopdf)                    date: 2014-11-24 13:56:20
(epstopdf)                    size: 13196 bytes
(epstopdf)             Command: <repstopdf --outfile=images/hist0-600_log-eps-c
onverted-to.pdf images/hist0-600_log.eps>
(epstopdf)             \includegraphics on input line 194.
Package epstopdf Info: Output file is already uptodate.

<images/hist0-600_log-eps-converted-to.pdf, id=662, 578.16pt x 433.62pt>
File: images/hist0-600_log-eps-converted-to.pdf Graphic file (type pdf)

<use images/hist0-600_log-eps-converted-to.pdf>
Package pdftex.def Info: images/hist0-600_log-eps-converted-to.pdf used on inpu
t line 194.
(pdftex.def)             Requested size: 341.43306pt x 256.07178pt.

Underfull \vbox (badness 10000) has occurred while \output is active []

 [18]
[19 <./images/hist0-600_log-eps-converted-to.pdf>]
Package epstopdf Info: Source file: <images/cadences_hist0-25.eps>
(epstopdf)                    date: 2014-09-15 13:16:58
(epstopdf)                    size: 35864 bytes
(epstopdf)             Output file: <images/cadences_hist0-25-eps-converted-to.
pdf>
(epstopdf)                    date: 2014-09-15 13:17:20
(epstopdf)                    size: 11873 bytes
(epstopdf)             Command: <repstopdf --outfile=images/cadences_hist0-25-e
ps-converted-to.pdf images/cadences_hist0-25.eps>
(epstopdf)             \includegraphics on input line 206.
Package epstopdf Info: Output file is already uptodate.

<images/cadences_hist0-25-eps-converted-to.pdf, id=705, 578.16pt x 433.62pt>
File: images/cadences_hist0-25-eps-converted-to.pdf Graphic file (type pdf)

<use images/cadences_hist0-25-eps-converted-to.pdf>
Package pdftex.def Info: images/cadences_hist0-25-eps-converted-to.pdf used on 
input line 206.
(pdftex.def)             Requested size: 341.43306pt x 256.07178pt.
 [20 <./images/cadences_hist0-25-eps-converted-to.pdf>]
LaTeX Font Info:    Try loading font information for OMS+cmr on input line 216.

 (/usr/local/share/texmf/tex/latex/base/omscmr.fd
File: omscmr.fd 2014/09/29 v2.5h Standard LaTeX font definitions
)
LaTeX Font Info:    Font shape `OMS/cmr/m/n' in size <12> not available
(Font)              Font shape `OMS/cmsy/m/n' tried instead on input line 216.
)
[21] [22]
Chapter 2.
(./datareduction.tex
Underfull \vbox (badness 2443) has occurred while \output is active []

 [23

]
[24]
Underfull \vbox (badness 2253) has occurred while \output is active []

 [25]
[26] [27] [28] <images/setaper.png, id=811, 561.59813pt x 369.63094pt>
File: images/setaper.png Graphic file (type png)

<use images/setaper.png>
Package pdftex.def Info: images/setaper.png used on input line 54.
(pdftex.def)             Requested size: 312.9803pt x 205.9936pt.

Underfull \vbox (badness 10000) has occurred while \output is active []

 [29 <./images/setaper.png (PNG copy)>] [30] [31]
<images/flowchart.png, id=844, 1395.2125pt x 786.94pt>
File: images/flowchart.png Graphic file (type png)

<use images/flowchart.png>
Package pdftex.def Info: images/flowchart.png used on input line 102.
(pdftex.def)             Requested size: 369.88582pt x 208.62216pt.

<images/webpublish.png, id=845, 1366.35469pt x 773.13844pt>
File: images/webpublish.png Graphic file (type png)

<use images/webpublish.png>
Package pdftex.def Info: images/webpublish.png used on input line 110.
(pdftex.def)             Requested size: 369.88582pt x 209.29283pt.
 [32 <./images/flowchart.png (PNG copy)>]
Underfull \vbox (badness 1910) has occurred while \output is active []

 [33 <./images/webpublish.png (PNG copy)>]
<images/2012-09-03_g_default.png, id=867, 694.09312pt x 375.65344pt>
File: images/2012-09-03_g_default.png Graphic file (type png)

<use images/2012-09-03_g_default.png>
Package pdftex.def Info: images/2012-09-03_g_default.png used on input line 138
.
(pdftex.def)             Requested size: 317.9892pt x 172.10336pt.

<images/2012-09-03_g_15sigma.png, id=868, 681.29532pt x 377.91188pt>
File: images/2012-09-03_g_15sigma.png Graphic file (type png)

<use images/2012-09-03_g_15sigma.png>
Package pdftex.def Info: images/2012-09-03_g_15sigma.png used on input line 139
.
(pdftex.def)             Requested size: 317.9892pt x 176.39035pt.

Underfull \vbox (badness 5119) has occurred while \output is active []

 [34]
[35 <./images/2012-09-03_g_default.png (PNG copy)> <./images/2012-09-03_g_15sig
ma.png (PNG copy)>] [36]
<images/sex_apertures_auto_cropped.png, id=898, 56.46094pt x 56.46094pt>
File: images/sex_apertures_auto_cropped.png Graphic file (type png)

<use images/sex_apertures_auto_cropped.png>
Package pdftex.def Info: images/sex_apertures_auto_cropped.png used on input li
ne 163.
(pdftex.def)             Requested size: 142.26378pt x 142.28227pt.

<images/sex_apertures_fixed_cropped.png, id=899, 56.46094pt x 56.46094pt>
File: images/sex_apertures_fixed_cropped.png Graphic file (type png)

<use images/sex_apertures_fixed_cropped.png>
Package pdftex.def Info: images/sex_apertures_fixed_cropped.png used on input l
ine 164.
(pdftex.def)             Requested size: 142.26378pt x 142.28227pt.

Underfull \vbox (badness 3657) has occurred while \output is active []

 [37 <./images/sex_apertures_auto_cropped.png (PNG copy)> <./images/sex_apertur
es_fixed_cropped.png (PNG copy)>] [38] [39] [40]
<images/overlay_multiply.png, id=930, 1084.05pt x 1035.87pt>
File: images/overlay_multiply.png Graphic file (type png)

<use images/overlay_multiply.png>
Package pdftex.def Info: images/overlay_multiply.png used on input line 227.
(pdftex.def)             Requested size: 284.52756pt x 271.88043pt.

Underfull \vbox (badness 2253) has occurred while \output is active []

 [41]
<images/overlay_multiply_closeup.png, id=937, 207.02344pt x 176.15813pt>
File: images/overlay_multiply_closeup.png Graphic file (type png)

<use images/overlay_multiply_closeup.png>
Package pdftex.def Info: images/overlay_multiply_closeup.png used on input line
 234.
(pdftex.def)             Requested size: 142.26378pt x 121.05733pt.

<images/position_drift.png, id=940, 657.95813pt x 264.99pt>
File: images/position_drift.png Graphic file (type png)

<use images/position_drift.png>
Package pdftex.def Info: images/position_drift.png used on input line 241.
(pdftex.def)             Requested size: 398.33858pt x 160.43063pt.

Overfull \hbox (0.85359pt too wide) in paragraph at lines 241--242
 [][] 
 []

<images/position_drift_longrun.png, id=943, 673.01437pt x 261.22594pt>
File: images/position_drift_longrun.png Graphic file (type png)

<use images/position_drift_longrun.png>
Package pdftex.def Info: images/position_drift_longrun.png used on input line 2
48.
(pdftex.def)             Requested size: 398.33858pt x 154.61223pt.

Overfull \hbox (0.85359pt too wide) in paragraph at lines 248--249
 [][] 
 []


Underfull \vbox (badness 2680) has occurred while \output is active []

 [42 <./images/overlay_multiply.png>] [43 <./images/overlay_multiply_closeup.pn
g (PNG copy)> <./images/position_drift.png (PNG copy)>] [44 <./images/position_
drift_longrun.png (PNG copy)>]
Underfull \vbox (badness 7595) has occurred while \output is active []

 [45]
[46]
Package epstopdf Info: Source file: <images/greentored.eps>
(epstopdf)                    date: 2014-12-14 10:42:40
(epstopdf)                    size: 5051456 bytes
(epstopdf)             Output file: <images/greentored-eps-converted-to.pdf>
(epstopdf)                    date: 2014-12-14 10:55:59
(epstopdf)                    size: 330165 bytes
(epstopdf)             Command: <repstopdf --outfile=images/greentored-eps-conv
erted-to.pdf images/greentored.eps>
(epstopdf)             \includegraphics on input line 307.
Package epstopdf Info: Output file is already uptodate.
 <images/greentored-eps-converted-to.pdf, id=984, 867.24pt x 867.24pt>
File: images/greentored-eps-converted-to.pdf Graphic file (type pdf)

<use images/greentored-eps-converted-to.pdf>
Package pdftex.def Info: images/greentored-eps-converted-to.pdf used on input l
ine 307.
(pdftex.def)             Requested size: 397.48499pt x 397.49286pt.
Package epstopdf Info: Source file: <images/bluetored.eps>
(epstopdf)                    date: 2014-12-14 10:42:57
(epstopdf)                    size: 5028888 bytes
(epstopdf)             Output file: <images/bluetored-eps-converted-to.pdf>
(epstopdf)                    date: 2014-12-14 10:58:18
(epstopdf)                    size: 385434 bytes
(epstopdf)             Command: <repstopdf --outfile=images/bluetored-eps-conve
rted-to.pdf images/bluetored.eps>
(epstopdf)             \includegraphics on input line 314.
Package epstopdf Info: Output file is already uptodate.

<images/bluetored-eps-converted-to.pdf, id=985, 867.24pt x 867.24pt>
File: images/bluetored-eps-converted-to.pdf Graphic file (type pdf)

<use images/bluetored-eps-converted-to.pdf>
Package pdftex.def Info: images/bluetored-eps-converted-to.pdf used on input li
ne 314.
(pdftex.def)             Requested size: 397.48499pt x 397.49286pt.
) [47] [48 <./images/greentored-eps-converted-to.pdf>] [49 <./images/bluetored-
eps-converted-to.pdf>]
Chapter 3.
(./webfrontend.tex [50

] [51] [52] [53]
<images/run031_on_the_night_of_2005-08-15.png, id=1044, 983.675pt x 1537.745pt>
File: images/run031_on_the_night_of_2005-08-15.png Graphic file (type png)
<use images/run031_on_the_night_of_2005-08-15.png>
Package pdftex.def Info: images/run031_on_the_night_of_2005-08-15.png used on i
nput line 50.
(pdftex.def)             Requested size: 312.9803pt x 489.27277pt.


LaTeX Warning: `!h' float specifier changed to `!ht'.

[54] [55 <./images/run031_on_the_night_of_2005-08-15.png>]) [56]
Chapter 4.
(./results.tex
Underfull \vbox (badness 10000) has occurred while \output is active []

 [57

]
<images/2013-07-13-run111-r-withlabels.png, id=1069, 494.59781pt x 249.18094pt>
File: images/2013-07-13-run111-r-withlabels.png Graphic file (type png)
<use images/2013-07-13-run111-r-withlabels.png>
Package pdftex.def Info: images/2013-07-13-run111-r-withlabels.png used on inpu
t line 9.
(pdftex.def)             Requested size: 341.43306pt x 172.01486pt.

Overfull \hbox (7.49573pt too wide) in paragraph at lines 16--17
\OT1/cmtt/m/n/12 warwick . ac . uk / phrnaw / sitedev / 2013-[]07-[]13 / run111
 . html$[]\OT1/cmr/m/n/12 . We also re-duced
 []

[58 <./images/2013-07-13-run111-r-withlabels.png (PNG copy)>]
Package epstopdf Info: Source file: <images/nn_ser_compare_r.eps>
(epstopdf)                    date: 2014-12-12 14:09:04
(epstopdf)                    size: 84256 bytes
(epstopdf)             Output file: <images/nn_ser_compare_r-eps-converted-to.p
df>
(epstopdf)                    date: 2014-12-12 14:11:14
(epstopdf)                    size: 176925 bytes
(epstopdf)             Command: <repstopdf --outfile=images/nn_ser_compare_r-ep
s-converted-to.pdf images/nn_ser_compare_r.eps>
(epstopdf)             \includegraphics on input line 20.
Package epstopdf Info: Output file is already uptodate.

<images/nn_ser_compare_r-eps-converted-to.pdf, id=1079, 867.24pt x 433.62pt>
File: images/nn_ser_compare_r-eps-converted-to.pdf Graphic file (type pdf)

<use images/nn_ser_compare_r-eps-converted-to.pdf>
Package pdftex.def Info: images/nn_ser_compare_r-eps-converted-to.pdf used on i
nput line 20.
(pdftex.def)             Requested size: 398.33858pt x 199.16988pt.

Overfull \hbox (0.85359pt too wide) in paragraph at lines 20--21
 [][] 
 []

Package epstopdf Info: Source file: <images/nn_ser_compare_zoom_r.eps>
(epstopdf)                    date: 2014-12-12 14:09:25
(epstopdf)                    size: 67162 bytes
(epstopdf)             Output file: <images/nn_ser_compare_zoom_r-eps-converted
-to.pdf>
(epstopdf)                    date: 2014-12-12 14:16:42
(epstopdf)                    size: 119894 bytes
(epstopdf)             Command: <repstopdf --outfile=images/nn_ser_compare_zoom
_r-eps-converted-to.pdf images/nn_ser_compare_zoom_r.eps>
(epstopdf)             \includegraphics on input line 27.
Package epstopdf Info: Output file is already uptodate.

<images/nn_ser_compare_zoom_r-eps-converted-to.pdf, id=1080, 867.24pt x 433.62p
t>
File: images/nn_ser_compare_zoom_r-eps-converted-to.pdf Graphic file (type pdf)

 <use images/nn_ser_compare_zoom_r-eps-converted-to.pdf>
Package pdftex.def Info: images/nn_ser_compare_zoom_r-eps-converted-to.pdf used
 on input line 27.
(pdftex.def)             Requested size: 398.33858pt x 199.16988pt.

Overfull \hbox (0.85359pt too wide) in paragraph at lines 27--28
 [][] 
 []

Package epstopdf Info: Source file: <images/nn_ser_compare_g.eps>
(epstopdf)                    date: 2014-12-12 14:09:39
(epstopdf)                    size: 79629 bytes
(epstopdf)             Output file: <images/nn_ser_compare_g-eps-converted-to.p
df>
(epstopdf)                    date: 2014-12-12 14:13:50
(epstopdf)                    size: 148318 bytes
(epstopdf)             Command: <repstopdf --outfile=images/nn_ser_compare_g-ep
s-converted-to.pdf images/nn_ser_compare_g.eps>
(epstopdf)             \includegraphics on input line 34.
Package epstopdf Info: Output file is already uptodate.
<images/nn_ser_compare_g-eps-converted-to.pdf, id=1081, 867.24pt x 433.62pt>
File: images/nn_ser_compare_g-eps-converted-to.pdf Graphic file (type pdf)

<use images/nn_ser_compare_g-eps-converted-to.pdf>
Package pdftex.def Info: images/nn_ser_compare_g-eps-converted-to.pdf used on i
nput line 34.
(pdftex.def)             Requested size: 398.33858pt x 199.16988pt.

Overfull \hbox (0.85359pt too wide) in paragraph at lines 34--35
 [][] 
 []

Package epstopdf Info: Source file: <images/nn_ser_compare_zoom_g.eps>
(epstopdf)                    date: 2014-12-12 14:10:11
(epstopdf)                    size: 67660 bytes
(epstopdf)             Output file: <images/nn_ser_compare_zoom_g-eps-converted
-to.pdf>
(epstopdf)                    date: 2014-12-12 14:16:42
(epstopdf)                    size: 123782 bytes
(epstopdf)             Command: <repstopdf --outfile=images/nn_ser_compare_zoom
_g-eps-converted-to.pdf images/nn_ser_compare_zoom_g.eps>
(epstopdf)             \includegraphics on input line 41.
Package epstopdf Info: Output file is already uptodate.

<images/nn_ser_compare_zoom_g-eps-converted-to.pdf, id=1082, 867.24pt x 433.62p
t>
File: images/nn_ser_compare_zoom_g-eps-converted-to.pdf Graphic file (type pdf)

 <use images/nn_ser_compare_zoom_g-eps-converted-to.pdf>
Package pdftex.def Info: images/nn_ser_compare_zoom_g-eps-converted-to.pdf used
 on input line 41.
(pdftex.def)             Requested size: 398.33858pt x 199.16988pt.

Overfull \hbox (0.85359pt too wide) in paragraph at lines 41--42
 [][] 
 []

Package epstopdf Info: Source file: <images/nn_ser_compare_b.eps>
(epstopdf)                    date: 2014-12-12 14:10:38
(epstopdf)                    size: 56345 bytes
(epstopdf)             Output file: <images/nn_ser_compare_b-eps-converted-to.p
df>
(epstopdf)                    date: 2014-12-12 14:13:50
(epstopdf)                    size: 65171 bytes
(epstopdf)             Command: <repstopdf --outfile=images/nn_ser_compare_b-ep
s-converted-to.pdf images/nn_ser_compare_b.eps>
(epstopdf)             \includegraphics on input line 48.
Package epstopdf Info: Output file is already uptodate.
<images/nn_ser_compare_b-eps-converted-to.pdf, id=1083, 867.24pt x 433.62pt>
File: images/nn_ser_compare_b-eps-converted-to.pdf Graphic file (type pdf)

<use images/nn_ser_compare_b-eps-converted-to.pdf>
Package pdftex.def Info: images/nn_ser_compare_b-eps-converted-to.pdf used on i
nput line 48.
(pdftex.def)             Requested size: 398.33858pt x 199.16988pt.

Overfull \hbox (0.85359pt too wide) in paragraph at lines 48--49
 [][] 
 []

Package epstopdf Info: Source file: <images/nn_ser_compare_zoom_b.eps>
(epstopdf)                    date: 2014-12-12 14:10:57
(epstopdf)                    size: 49724 bytes
(epstopdf)             Output file: <images/nn_ser_compare_zoom_b-eps-converted
-to.pdf>
(epstopdf)                    date: 2014-12-12 14:16:43
(epstopdf)                    size: 56797 bytes
(epstopdf)             Command: <repstopdf --outfile=images/nn_ser_compare_zoom
_b-eps-converted-to.pdf images/nn_ser_compare_zoom_b.eps>
(epstopdf)             \includegraphics on input line 55.
Package epstopdf Info: Output file is already uptodate.

<images/nn_ser_compare_zoom_b-eps-converted-to.pdf, id=1084, 867.24pt x 433.62p
t>
File: images/nn_ser_compare_zoom_b-eps-converted-to.pdf Graphic file (type pdf)

 <use images/nn_ser_compare_zoom_b-eps-converted-to.pdf>
Package pdftex.def Info: images/nn_ser_compare_zoom_b-eps-converted-to.pdf used
 on input line 55.
(pdftex.def)             Requested size: 398.33858pt x 199.16988pt.

Overfull \hbox (0.85359pt too wide) in paragraph at lines 55--56
 [][] 
 []

[59 <./images/nn_ser_compare_r-eps-converted-to.pdf>] [60 <./images/nn_ser_comp
are_zoom_r-eps-converted-to.pdf> <./images/nn_ser_compare_g-eps-converted-to.pd
f>] [61 <./images/nn_ser_compare_zoom_g-eps-converted-to.pdf> <./images/nn_ser_
compare_b-eps-converted-to.pdf>]
Underfull \vbox (badness 7595) has occurred while \output is active []

 [62 <./images/nn_ser_compare_zoom_b-eps-converted-to.pdf>]
Package epstopdf Info: Source file: <images/compare_photometry.eps>
(epstopdf)                    date: 2014-11-24 17:57:28
(epstopdf)                    size: 91736 bytes
(epstopdf)             Output file: <images/compare_photometry-eps-converted-to
.pdf>
(epstopdf)                    date: 2014-11-24 18:18:51
(epstopdf)                    size: 350410 bytes
(epstopdf)             Command: <repstopdf --outfile=images/compare_photometry-
eps-converted-to.pdf images/compare_photometry.eps>
(epstopdf)             \includegraphics on input line 82.
Package epstopdf Info: Output file is already uptodate.

<images/compare_photometry-eps-converted-to.pdf, id=1411, 867.24pt x 867.24pt>
File: images/compare_photometry-eps-converted-to.pdf Graphic file (type pdf)

<use images/compare_photometry-eps-converted-to.pdf>
Package pdftex.def Info: images/compare_photometry-eps-converted-to.pdf used on
 input line 82.
(pdftex.def)             Requested size: 398.33858pt x 398.33977pt.

Overfull \hbox (0.85359pt too wide) in paragraph at lines 82--83
 [][] 
 []

Package epstopdf Info: Source file: <images/compare_photometry_2.eps>
(epstopdf)                    date: 2014-12-13 18:22:11
(epstopdf)                    size: 93717 bytes
(epstopdf)             Output file: <images/compare_photometry_2-eps-converted-
to.pdf>
(epstopdf)                    date: 2014-12-13 18:24:51
(epstopdf)                    size: 350323 bytes
(epstopdf)             Command: <repstopdf --outfile=images/compare_photometry_
2-eps-converted-to.pdf images/compare_photometry_2.eps>
(epstopdf)             \includegraphics on input line 89.
Package epstopdf Info: Output file is already uptodate.

<images/compare_photometry_2-eps-converted-to.pdf, id=1414, 867.24pt x 867.24pt
>
File: images/compare_photometry_2-eps-converted-to.pdf Graphic file (type pdf)
 <use images/compare_photometry_2-eps-converted-to.pdf>
Package pdftex.def Info: images/compare_photometry_2-eps-converted-to.pdf used 
on input line 89.
(pdftex.def)             Requested size: 398.33858pt x 398.33977pt.

Overfull \hbox (0.85359pt too wide) in paragraph at lines 89--90
 [][] 
 []

Package epstopdf Info: Source file: <images/difference-of-ratios.eps>
(epstopdf)                    date: 2014-12-14 09:36:57
(epstopdf)                    size: 90389 bytes
(epstopdf)             Output file: <images/difference-of-ratios-eps-converted-
to.pdf>
(epstopdf)                    date: 2014-12-14 09:40:39
(epstopdf)                    size: 351347 bytes
(epstopdf)             Command: <repstopdf --outfile=images/difference-of-ratio
s-eps-converted-to.pdf images/difference-of-ratios.eps>
(epstopdf)             \includegraphics on input line 113.
Package epstopdf Info: Output file is already uptodate.

<images/difference-of-ratios-eps-converted-to.pdf, id=1421, 867.24pt x 867.24pt
>
File: images/difference-of-ratios-eps-converted-to.pdf Graphic file (type pdf)
 <use images/difference-of-ratios-eps-converted-to.pdf>
Package pdftex.def Info: images/difference-of-ratios-eps-converted-to.pdf used 
on input line 113.
(pdftex.def)             Requested size: 398.33858pt x 398.33977pt.

Overfull \hbox (0.85359pt too wide) in paragraph at lines 113--114
 [][] 
 []

[63] [64 <./images/compare_photometry-eps-converted-to.pdf>] [65 <./images/comp
are_photometry_2-eps-converted-to.pdf>] [66 <./images/difference-of-ratios-eps-
converted-to.pdf>] [67]
Package epstopdf Info: Source file: <images/2013-07-21-run010-2colour.eps>
(epstopdf)                    date: 2014-12-13 13:11:01
(epstopdf)                    size: 95685 bytes
(epstopdf)             Output file: <images/2013-07-21-run010-2colour-eps-conve
rted-to.pdf>
(epstopdf)                    date: 2014-12-13 13:11:07
(epstopdf)                    size: 32998 bytes
(epstopdf)             Command: <repstopdf --outfile=images/2013-07-21-run010-2
colour-eps-converted-to.pdf images/2013-07-21-run010-2colour.eps>
(epstopdf)             \includegraphics on input line 138.
Package epstopdf Info: Output file is already uptodate.

<images/2013-07-21-run010-2colour-eps-converted-to.pdf, id=1562, 867.24pt x 867
.24pt>
File: images/2013-07-21-run010-2colour-eps-converted-to.pdf Graphic file (type 
pdf)
 <use images/2013-07-21-run010-2colour-eps-converted-to.pdf>
Package pdftex.def Info: images/2013-07-21-run010-2colour-eps-converted-to.pdf 
used on input line 138.
(pdftex.def)             Requested size: 398.33858pt x 398.33977pt.

Overfull \hbox (0.85359pt too wide) in paragraph at lines 138--139
 [][] 
 []

Package epstopdf Info: Source file: <images/colour-colour-zoom-with-labels.eps>

(epstopdf)                    date: 2014-12-13 14:54:57
(epstopdf)                    size: 96173 bytes
(epstopdf)             Output file: <images/colour-colour-zoom-with-labels-eps-
converted-to.pdf>
(epstopdf)                    date: 2014-12-13 14:56:22
(epstopdf)                    size: 19501 bytes
(epstopdf)             Command: <repstopdf --outfile=images/colour-colour-zoom-
with-labels-eps-converted-to.pdf images/colour-colour-zoom-with-labels.eps>
(epstopdf)             \includegraphics on input line 145.
Package epstopdf Info: Output file is already uptodate.

<images/colour-colour-zoom-with-labels-eps-converted-to.pdf, id=1563, 867.24pt 
x 867.24pt>
File: images/colour-colour-zoom-with-labels-eps-converted-to.pdf Graphic file (
type pdf)
 <use images/colour-colour-zoom-with-labels-eps-converted-to.pdf>
Package pdftex.def Info: images/colour-colour-zoom-with-labels-eps-converted-to
.pdf used on input line 145.
(pdftex.def)             Requested size: 341.43306pt x 341.43787pt.

<images/mismatch-run010_r.png, id=1566, 165.61874pt x 165.61874pt>
File: images/mismatch-run010_r.png Graphic file (type png)

<use images/mismatch-run010_r.png>
Package pdftex.def Info: images/mismatch-run010_r.png used on input line 152.
(pdftex.def)             Requested size: 119.2467pt x 119.24539pt.

<images/mismatch-run010_g.png, id=1567, 165.61874pt x 165.61874pt>
File: images/mismatch-run010_g.png Graphic file (type png)

<use images/mismatch-run010_g.png>
Package pdftex.def Info: images/mismatch-run010_g.png used on input line 153.
(pdftex.def)             Requested size: 119.2467pt x 119.24539pt.

<images/mismatch-run010_b.png, id=1568, 165.61874pt x 165.61874pt>
File: images/mismatch-run010_b.png Graphic file (type png)

<use images/mismatch-run010_b.png>
Package pdftex.def Info: images/mismatch-run010_b.png used on input line 154.
(pdftex.def)             Requested size: 119.2467pt x 119.24539pt.
Package epstopdf Info: Source file: <images/2011-04-22-run019-omegacen-colourma
gnitude.eps>
(epstopdf)                    date: 2014-12-13 14:48:37
(epstopdf)                    size: 28140 bytes
(epstopdf)             Output file: <images/2011-04-22-run019-omegacen-colourma
gnitude-eps-converted-to.pdf>
(epstopdf)                    date: 2014-12-13 14:48:42
(epstopdf)                    size: 115083 bytes
(epstopdf)             Command: <repstopdf --outfile=images/2011-04-22-run019-o
megacen-colourmagnitude-eps-converted-to.pdf images/2011-04-22-run019-omegacen-
colourmagnitude.eps>
(epstopdf)             \includegraphics on input line 168.
Package epstopdf Info: Output file is already uptodate.

<images/2011-04-22-run019-omegacen-colourmagnitude-eps-converted-to.pdf, id=157
1, 867.24pt x 867.24pt>
File: images/2011-04-22-run019-omegacen-colourmagnitude-eps-converted-to.pdf Gr
aphic file (type pdf)

<use images/2011-04-22-run019-omegacen-colourmagnitude-eps-converted-to.pdf>
Package pdftex.def Info: images/2011-04-22-run019-omegacen-colourmagnitude-eps-
converted-to.pdf used on input line 168.
(pdftex.def)             Requested size: 341.43306pt x 341.43787pt.

[68] [69 <./images/2013-07-21-run010-2colour-eps-converted-to.pdf>] [70 <./imag
es/colour-colour-zoom-with-labels-eps-converted-to.pdf> <./images/mismatch-run0
10_r.png> <./images/mismatch-run010_g.png> <./images/mismatch-run010_b.png>]
[71 <./images/2011-04-22-run019-omegacen-colourmagnitude-eps-converted-to.pdf>]
<images/gumus-comparison-lc.png, id=1681, 790.45313pt x 233.37187pt>
File: images/gumus-comparison-lc.png Graphic file (type png)

<use images/gumus-comparison-lc.png>
Package pdftex.def Info: images/gumus-comparison-lc.png used on input line 178.

(pdftex.def)             Requested size: 426.79134pt x 126.00468pt.

<images/gumus-discovery-lc.png, id=1682, 790.45313pt x 233.37187pt>
File: images/gumus-discovery-lc.png Graphic file (type png)

<use images/gumus-discovery-lc.png>
Package pdftex.def Info: images/gumus-discovery-lc.png used on input line 179.
(pdftex.def)             Requested size: 426.79134pt x 126.00468pt.

Overfull \hbox (29.30635pt too wide) in paragraph at lines 178--180
 [][] 
 []


Overfull \hbox (29.30635pt too wide) in paragraph at lines 178--180
 [] 
 []

<images/koi823-r-lc.png, id=1685, 790.45313pt x 233.37187pt>
File: images/koi823-r-lc.png Graphic file (type png)

<use images/koi823-r-lc.png>
Package pdftex.def Info: images/koi823-r-lc.png used on input line 188.
(pdftex.def)             Requested size: 426.79134pt x 126.00468pt.

<images/koi823-g-lc.png, id=1686, 790.45313pt x 233.37187pt>
File: images/koi823-g-lc.png Graphic file (type png)

<use images/koi823-g-lc.png>
Package pdftex.def Info: images/koi823-g-lc.png used on input line 189.
(pdftex.def)             Requested size: 426.79134pt x 126.00468pt.

Overfull \hbox (29.30635pt too wide) in paragraph at lines 188--190
 [][] 
 []


Overfull \hbox (29.30635pt too wide) in paragraph at lines 188--190
 [] 
 []


Underfull \vbox (badness 1019) has occurred while \output is active []

 [72 <./images/gumus-comparison-lc.png> <./images/gumus-discovery-lc.png>] [73 
<./images/koi823-r-lc.png> <./images/koi823-g-lc.png>]) [74]
Chapter 5.
(./highlights.tex [75

]
Underfull \hbox (badness 10000) in paragraph at lines 32--32

 []


Underfull \hbox (badness 10000) in paragraph at lines 32--32

 []


Underfull \hbox (badness 10000) in paragraph at lines 32--32

 []


Overfull \hbox (24.61913pt too wide) in alignment at lines 32--32
[][][] 
 []


Overfull \hbox (40.68727pt too wide) in paragraph at lines 32--34
[][]
 []

<images/2005-05-10-run012-73.png, id=1715, 225.84375pt x 180.675pt>
File: images/2005-05-10-run012-73.png Graphic file (type png)

<use images/2005-05-10-run012-73.png>
Package pdftex.def Info: images/2005-05-10-run012-73.png used on input line 45.

(pdftex.def)             Requested size: 128.0374pt x 102.43443pt.

<images/2013-07-21-run010-48.png, id=1716, 224.33812pt x 180.675pt>
File: images/2013-07-21-run010-48.png Graphic file (type png)

<use images/2013-07-21-run010-48.png>
Package pdftex.def Info: images/2013-07-21-run010-48.png used on input line 51.

(pdftex.def)             Requested size: 128.0374pt x 103.1209pt.

<images/2013-07-21-run010-163.png, id=1717, 224.33812pt x 180.675pt>
File: images/2013-07-21-run010-163.png Graphic file (type png)

<use images/2013-07-21-run010-163.png>
Package pdftex.def Info: images/2013-07-21-run010-163.png used on input line 57
.
(pdftex.def)             Requested size: 128.0374pt x 103.1209pt.

<images/2013-07-21-run011-162.png, id=1718, 224.33812pt x 180.675pt>
File: images/2013-07-21-run011-162.png Graphic file (type png)

<use images/2013-07-21-run011-162.png>
Package pdftex.def Info: images/2013-07-21-run011-162.png used on input line 63
.
(pdftex.def)             Requested size: 128.0374pt x 103.1209pt.

<images/2013-07-21-run010-23.png, id=1719, 224.33812pt x 180.675pt>
File: images/2013-07-21-run010-23.png Graphic file (type png)

<use images/2013-07-21-run010-23.png>
Package pdftex.def Info: images/2013-07-21-run010-23.png used on input line 69.

(pdftex.def)             Requested size: 128.0374pt x 103.1209pt.

Overfull \hbox (22.62721pt too wide) in paragraph at lines 39--74
 [][] 
 []

[76] [77 <./images/2005-05-10-run012-73.png> <./images/2013-07-21-run010-48.png
> <./images/2013-07-21-run010-163.png> <./images/2013-07-21-run011-162.png> <./
images/2013-07-21-run010-23.png>]
Package epstopdf Info: Source file: <images/2005-05-10-run012-lightcurve-bin16.
eps>
(epstopdf)                    date: 2014-12-13 10:19:48
(epstopdf)                    size: 94395 bytes
(epstopdf)             Output file: <images/2005-05-10-run012-lightcurve-bin16-
eps-converted-to.pdf>
(epstopdf)                    date: 2014-12-13 10:20:13
(epstopdf)                    size: 75435 bytes
(epstopdf)             Command: <repstopdf --outfile=images/2005-05-10-run012-l
ightcurve-bin16-eps-converted-to.pdf images/2005-05-10-run012-lightcurve-bin16.
eps>
(epstopdf)             \includegraphics on input line 84.
Package epstopdf Info: Output file is already uptodate.

<images/2005-05-10-run012-lightcurve-bin16-eps-converted-to.pdf, id=1739, 867.2
4pt x 650.43pt>
File: images/2005-05-10-run012-lightcurve-bin16-eps-converted-to.pdf Graphic fi
le (type pdf)

<use images/2005-05-10-run012-lightcurve-bin16-eps-converted-to.pdf>
Package pdftex.def Info: images/2005-05-10-run012-lightcurve-bin16-eps-converte
d-to.pdf used on input line 84.
(pdftex.def)             Requested size: 341.43306pt x 256.07838pt.
Package epstopdf Info: Source file: <images/2005-05-10-run012-colourcurve-bin16
.eps>
(epstopdf)                    date: 2014-12-13 10:21:25
(epstopdf)                    size: 60191 bytes
(epstopdf)             Output file: <images/2005-05-10-run012-colourcurve-bin16
-eps-converted-to.pdf>
(epstopdf)                    date: 2014-12-13 10:21:29
(epstopdf)                    size: 45482 bytes
(epstopdf)             Command: <repstopdf --outfile=images/2005-05-10-run012-c
olourcurve-bin16-eps-converted-to.pdf images/2005-05-10-run012-colourcurve-bin1
6.eps>
(epstopdf)             \includegraphics on input line 91.
Package epstopdf Info: Output file is already uptodate.

<images/2005-05-10-run012-colourcurve-bin16-eps-converted-to.pdf, id=1740, 867.
24pt x 361.35pt>
File: images/2005-05-10-run012-colourcurve-bin16-eps-converted-to.pdf Graphic f
ile (type pdf)

<use images/2005-05-10-run012-colourcurve-bin16-eps-converted-to.pdf>
Package pdftex.def Info: images/2005-05-10-run012-colourcurve-bin16-eps-convert
ed-to.pdf used on input line 91.
(pdftex.def)             Requested size: 341.43306pt x 142.26578pt.
 [78 <./images/2005-05-10-run012-lightcurve-bin16-eps-converted-to.pdf>]
Package epstopdf Info: Source file: <images/2013-07-21-run010-48_lightcurve-bin
4.eps>
(epstopdf)                    date: 2014-12-13 10:23:44
(epstopdf)                    size: 205186 bytes
(epstopdf)             Output file: <images/2013-07-21-run010-48_lightcurve-bin
4-eps-converted-to.pdf>
(epstopdf)                    date: 2014-12-13 10:24:08
(epstopdf)                    size: 165743 bytes
(epstopdf)             Command: <repstopdf --outfile=images/2013-07-21-run010-4
8_lightcurve-bin4-eps-converted-to.pdf images/2013-07-21-run010-48_lightcurve-b
in4.eps>
(epstopdf)             \includegraphics on input line 111.
Package epstopdf Info: Output file is already uptodate.

<images/2013-07-21-run010-48_lightcurve-bin4-eps-converted-to.pdf, id=1777, 867
.24pt x 939.51pt>
File: images/2013-07-21-run010-48_lightcurve-bin4-eps-converted-to.pdf Graphic 
file (type pdf)

<use images/2013-07-21-run010-48_lightcurve-bin4-eps-converted-to.pdf>
Package pdftex.def Info: images/2013-07-21-run010-48_lightcurve-bin4-eps-conver
ted-to.pdf used on input line 111.
(pdftex.def)             Requested size: 341.43306pt x 369.891pt.
Package epstopdf Info: Source file: <images/2013-07-21-run010-48_colourcurve-bi
n4.eps>
(epstopdf)                    date: 2014-12-13 10:24:01
(epstopdf)                    size: 129673 bytes
(epstopdf)             Output file: <images/2013-07-21-run010-48_colourcurve-bi
n4-eps-converted-to.pdf>
(epstopdf)                    date: 2014-12-13 10:24:09
(epstopdf)                    size: 102797 bytes
(epstopdf)             Command: <repstopdf --outfile=images/2013-07-21-run010-4
8_colourcurve-bin4-eps-converted-to.pdf images/2013-07-21-run010-48_colourcurve
-bin4.eps>
(epstopdf)             \includegraphics on input line 118.
Package epstopdf Info: Output file is already uptodate.

<images/2013-07-21-run010-48_colourcurve-bin4-eps-converted-to.pdf, id=1778, 86
7.24pt x 650.43pt>
File: images/2013-07-21-run010-48_colourcurve-bin4-eps-converted-to.pdf Graphic
 file (type pdf)

<use images/2013-07-21-run010-48_colourcurve-bin4-eps-converted-to.pdf>
Package pdftex.def Info: images/2013-07-21-run010-48_colourcurve-bin4-eps-conve
rted-to.pdf used on input line 118.
(pdftex.def)             Requested size: 341.43306pt x 256.07838pt.

[79 <./images/2005-05-10-run012-colourcurve-bin16-eps-converted-to.pdf>]
[80 <./images/2013-07-21-run010-48_lightcurve-bin4-eps-converted-to.pdf>]
Package epstopdf Info: Source file: <images/2013-07-21-run010-163_lightcurve-bi
n8.eps>
(epstopdf)                    date: 2014-12-13 10:09:41
(epstopdf)                    size: 104012 bytes
(epstopdf)             Output file: <images/2013-07-21-run010-163_lightcurve-bi
n8-eps-converted-to.pdf>
(epstopdf)                    date: 2014-12-13 10:09:46
(epstopdf)                    size: 79248 bytes
(epstopdf)             Command: <repstopdf --outfile=images/2013-07-21-run010-1
63_lightcurve-bin8-eps-converted-to.pdf images/2013-07-21-run010-163_lightcurve
-bin8.eps>
(epstopdf)             \includegraphics on input line 141.
Package epstopdf Info: Output file is already uptodate.

<images/2013-07-21-run010-163_lightcurve-bin8-eps-converted-to.pdf, id=1857, 86
7.24pt x 650.43pt>
File: images/2013-07-21-run010-163_lightcurve-bin8-eps-converted-to.pdf Graphic
 file (type pdf)

<use images/2013-07-21-run010-163_lightcurve-bin8-eps-converted-to.pdf>
Package pdftex.def Info: images/2013-07-21-run010-163_lightcurve-bin8-eps-conve
rted-to.pdf used on input line 141.
(pdftex.def)             Requested size: 341.43306pt x 256.07838pt.
Package epstopdf Info: Source file: <images/2013-07-21-run010-163_colourcurve-b
in8.eps>
(epstopdf)                    date: 2014-12-13 10:11:36
(epstopdf)                    size: 60433 bytes
(epstopdf)             Output file: <images/2013-07-21-run010-163_colourcurve-b
in8-eps-converted-to.pdf>
(epstopdf)                    date: 2014-12-13 10:11:40
(epstopdf)                    size: 46503 bytes
(epstopdf)             Command: <repstopdf --outfile=images/2013-07-21-run010-1
63_colourcurve-bin8-eps-converted-to.pdf images/2013-07-21-run010-163_colourcur
ve-bin8.eps>
(epstopdf)             \includegraphics on input line 148.
Package epstopdf Info: Output file is already uptodate.

<images/2013-07-21-run010-163_colourcurve-bin8-eps-converted-to.pdf, id=1858, 8
67.24pt x 361.35pt>
File: images/2013-07-21-run010-163_colourcurve-bin8-eps-converted-to.pdf Graphi
c file (type pdf)

<use images/2013-07-21-run010-163_colourcurve-bin8-eps-converted-to.pdf>
Package pdftex.def Info: images/2013-07-21-run010-163_colourcurve-bin8-eps-conv
erted-to.pdf used on input line 148.
(pdftex.def)             Requested size: 341.43306pt x 142.26578pt.

[81 <./images/2013-07-21-run010-48_colourcurve-bin4-eps-converted-to.pdf>]
[82 <./images/2013-07-21-run010-163_lightcurve-bin8-eps-converted-to.pdf> <./im
ages/2013-07-21-run010-163_colourcurve-bin8-eps-converted-to.pdf>]
Package epstopdf Info: Source file: <images/2013-07-21-run011-162_lightcurve-bi
n8.eps>
(epstopdf)                    date: 2014-12-13 10:14:05
(epstopdf)                    size: 133392 bytes
(epstopdf)             Output file: <images/2013-07-21-run011-162_lightcurve-bi
n8-eps-converted-to.pdf>
(epstopdf)                    date: 2014-12-13 10:14:10
(epstopdf)                    size: 97484 bytes
(epstopdf)             Command: <repstopdf --outfile=images/2013-07-21-run011-1
62_lightcurve-bin8-eps-converted-to.pdf images/2013-07-21-run011-162_lightcurve
-bin8.eps>
(epstopdf)             \includegraphics on input line 168.
Package epstopdf Info: Output file is already uptodate.

<images/2013-07-21-run011-162_lightcurve-bin8-eps-converted-to.pdf, id=1967, 86
7.24pt x 939.51pt>
File: images/2013-07-21-run011-162_lightcurve-bin8-eps-converted-to.pdf Graphic
 file (type pdf)

<use images/2013-07-21-run011-162_lightcurve-bin8-eps-converted-to.pdf>
Package pdftex.def Info: images/2013-07-21-run011-162_lightcurve-bin8-eps-conve
rted-to.pdf used on input line 168.
(pdftex.def)             Requested size: 341.43306pt x 369.891pt.
Package epstopdf Info: Source file: <images/2013-07-21-run011-162_colourcurve-b
in8.eps>
(epstopdf)                    date: 2014-12-13 10:13:45
(epstopdf)                    size: 89856 bytes
(epstopdf)             Output file: <images/2013-07-21-run011-162_colourcurve-b
in8-eps-converted-to.pdf>
(epstopdf)                    date: 2014-12-13 10:14:10
(epstopdf)                    size: 62707 bytes
(epstopdf)             Command: <repstopdf --outfile=images/2013-07-21-run011-1
62_colourcurve-bin8-eps-converted-to.pdf images/2013-07-21-run011-162_colourcur
ve-bin8.eps>
(epstopdf)             \includegraphics on input line 175.
Package epstopdf Info: Output file is already uptodate.

<images/2013-07-21-run011-162_colourcurve-bin8-eps-converted-to.pdf, id=1968, 8
67.24pt x 650.43pt>
File: images/2013-07-21-run011-162_colourcurve-bin8-eps-converted-to.pdf Graphi
c file (type pdf)

<use images/2013-07-21-run011-162_colourcurve-bin8-eps-converted-to.pdf>
Package pdftex.def Info: images/2013-07-21-run011-162_colourcurve-bin8-eps-conv
erted-to.pdf used on input line 175.
(pdftex.def)             Requested size: 341.43306pt x 256.07838pt.

[83 <./images/2013-07-21-run011-162_lightcurve-bin8-eps-converted-to.pdf>]
LaTeX Font Info:    External font `cmex10' loaded for size
(Font)              <14.4> on input line 192.


Package hyperref Warning: Token not allowed in a PDF string (PDFDocEncoding):
(hyperref)                removing `math shift' on input line 192.


Package hyperref Warning: Token not allowed in a PDF string (PDFDocEncoding):
(hyperref)                removing `\delta' on input line 192.


Package hyperref Warning: Token not allowed in a PDF string (PDFDocEncoding):
(hyperref)                removing `math shift' on input line 192.

Package epstopdf Info: Source file: <images/2013-07-21-run010-23_lightcurve-bin
8.eps>
(epstopdf)                    date: 2014-12-13 10:15:32
(epstopdf)                    size: 124262 bytes
(epstopdf)             Output file: <images/2013-07-21-run010-23_lightcurve-bin
8-eps-converted-to.pdf>
(epstopdf)                    date: 2014-12-13 10:15:53
(epstopdf)                    size: 91472 bytes
(epstopdf)             Command: <repstopdf --outfile=images/2013-07-21-run010-2
3_lightcurve-bin8-eps-converted-to.pdf images/2013-07-21-run010-23_lightcurve-b
in8.eps>
(epstopdf)             \includegraphics on input line 196.
Package epstopdf Info: Output file is already uptodate.

<images/2013-07-21-run010-23_lightcurve-bin8-eps-converted-to.pdf, id=2005, 867
.24pt x 939.51pt>
File: images/2013-07-21-run010-23_lightcurve-bin8-eps-converted-to.pdf Graphic 
file (type pdf)

<use images/2013-07-21-run010-23_lightcurve-bin8-eps-converted-to.pdf>
Package pdftex.def Info: images/2013-07-21-run010-23_lightcurve-bin8-eps-conver
ted-to.pdf used on input line 196.
(pdftex.def)             Requested size: 341.43306pt x 369.891pt.
Package epstopdf Info: Source file: <images/2013-07-21-run010-23_colourcurve-bi
n8.eps>
(epstopdf)                    date: 2014-12-13 10:15:48
(epstopdf)                    size: 86683 bytes
(epstopdf)             Output file: <images/2013-07-21-run010-23_colourcurve-bi
n8-eps-converted-to.pdf>
(epstopdf)                    date: 2014-12-13 10:15:53
(epstopdf)                    size: 59666 bytes
(epstopdf)             Command: <repstopdf --outfile=images/2013-07-21-run010-2
3_colourcurve-bin8-eps-converted-to.pdf images/2013-07-21-run010-23_colourcurve
-bin8.eps>
(epstopdf)             \includegraphics on input line 203.
Package epstopdf Info: Output file is already uptodate.

<images/2013-07-21-run010-23_colourcurve-bin8-eps-converted-to.pdf, id=2006, 86
7.24pt x 650.43pt>
File: images/2013-07-21-run010-23_colourcurve-bin8-eps-converted-to.pdf Graphic
 file (type pdf)

<use images/2013-07-21-run010-23_colourcurve-bin8-eps-converted-to.pdf>
Package pdftex.def Info: images/2013-07-21-run010-23_colourcurve-bin8-eps-conve
rted-to.pdf used on input line 203.
(pdftex.def)             Requested size: 341.43306pt x 256.07838pt.

[84 <./images/2013-07-21-run011-162_colourcurve-bin8-eps-converted-to.pdf>]
[85 <./images/2013-07-21-run010-23_lightcurve-bin8-eps-converted-to.pdf>]
Package epstopdf Info: Source file: <images/2011-08-26-run014-110-lightcurve-bi
n4.eps>
(epstopdf)                    date: 2014-12-13 10:18:06
(epstopdf)                    size: 67301 bytes
(epstopdf)             Output file: <images/2011-08-26-run014-110-lightcurve-bi
n4-eps-converted-to.pdf>
(epstopdf)                    date: 2014-12-13 10:18:10
(epstopdf)                    size: 45887 bytes
(epstopdf)             Command: <repstopdf --outfile=images/2011-08-26-run014-1
10-lightcurve-bin4-eps-converted-to.pdf images/2011-08-26-run014-110-lightcurve
-bin4.eps>
(epstopdf)             \includegraphics on input line 222.
Package epstopdf Info: Output file is already uptodate.

<images/2011-08-26-run014-110-lightcurve-bin4-eps-converted-to.pdf, id=2087, 86
7.24pt x 650.43pt>
File: images/2011-08-26-run014-110-lightcurve-bin4-eps-converted-to.pdf Graphic
 file (type pdf)

<use images/2011-08-26-run014-110-lightcurve-bin4-eps-converted-to.pdf>
Package pdftex.def Info: images/2011-08-26-run014-110-lightcurve-bin4-eps-conve
rted-to.pdf used on input line 222.
(pdftex.def)             Requested size: 398.33858pt x 298.7548pt.

Overfull \hbox (0.85359pt too wide) in paragraph at lines 222--223
 [] 
 []

Package epstopdf Info: Source file: <images/2011-08-26-run014-110-pgram-bin4.ep
s>
(epstopdf)                    date: 2014-12-11 13:27:56
(epstopdf)                    size: 38192 bytes
(epstopdf)             Output file: <images/2011-08-26-run014-110-pgram-bin4-ep
s-converted-to.pdf>
(epstopdf)                    date: 2014-12-11 13:28:03
(epstopdf)                    size: 17924 bytes
(epstopdf)             Command: <repstopdf --outfile=images/2011-08-26-run014-1
10-pgram-bin4-eps-converted-to.pdf images/2011-08-26-run014-110-pgram-bin4.eps>

(epstopdf)             \includegraphics on input line 230.
Package epstopdf Info: Output file is already uptodate.

<images/2011-08-26-run014-110-pgram-bin4-eps-converted-to.pdf, id=2088, 578.16p
t x 433.62pt>
File: images/2011-08-26-run014-110-pgram-bin4-eps-converted-to.pdf Graphic file
 (type pdf)

<use images/2011-08-26-run014-110-pgram-bin4-eps-converted-to.pdf>
Package pdftex.def Info: images/2011-08-26-run014-110-pgram-bin4-eps-converted-
to.pdf used on input line 230.
(pdftex.def)             Requested size: 256.0748pt x 192.05052pt.
 [86 <./images/2013-07-21-run010-23_colourcurve-bin8-eps-converted-to.pdf>] [87
 <./images/2011-08-26-run014-110-lightcurve-bin4-eps-converted-to.pdf> <./image
s/2011-08-26-run014-110-pgram-bin4-eps-converted-to.pdf>]
<images/jacobson-asteroid-rotation-dot.png, id=2210, 529.98pt x 318.43968pt>
File: images/jacobson-asteroid-rotation-dot.png Graphic file (type png)

<use images/jacobson-asteroid-rotation-dot.png>
Package pdftex.def Info: images/jacobson-asteroid-rotation-dot.png used on inpu
t line 255.
(pdftex.def)             Requested size: 312.9803pt x 188.05756pt.
 [88]) [89 <./images/jacobson-asteroid-rotation-dot.png (PNG copy)>] [90]
Chapter 6.
(./conclusion.tex [91

] [92] [93] [94]) [95] (./rashleyMSCthesis.bbl [96]
[97

]
Underfull \hbox (badness 3281) in paragraph at lines 89--93
[]\OT1/cmr/m/n/12 Chan-Kao Chang, Adam Waszczak, Hsing-Wen Lin, Wing-Huen Ip,
 []

Missing character: There is no â in font cmr12!
Missing character: There is no € in font cmr12!
Missing character: There is no “ in font cmr12!
[98] [99] [100]) [101]
Appendix A.
(./usermanual.tex [102

]
Overfull \hbox (29.29216pt too wide) in paragraph at lines 23--24
\OT1/cmr/m/n/12 ([]2006[]). SEx-trac-tor can be down-loaded and in-stalled from
 []$\OT1/cmtt/m/n/12 http : / / www . astromatic .
 []


Overfull \hbox (38.47865pt too wide) in paragraph at lines 23--24
\OT1/cmr/m/n/12 there is a good guide avail-able at: []$\OT1/cmtt/m/n/12 http :
 / / wiki . ipb . ac . rs / index . php / SExtractor _
 []

[103]
Overfull \hbox (24.20894pt too wide) in paragraph at lines 31--32
\OT1/cmr/m/n/12 fault set. Typ-ing \OT1/cmtt/m/n/12 git clone https://github.co
m/rashley2712/ultracam-auto
 []


Underfull \hbox (badness 10000) in paragraph at lines 36--36
[][][][]$\OT1/cmtt/m/n/10 https : / / www . astromatic . net / pubsvn / softwar
e / sextractor / trunk / doc /
 []

[104]
Overfull \hbox (25.82439pt too wide) in paragraph at lines 45--46
[][][][][][][][][][][][][][][][][][][][][][][][][][][][][][][][][][][][][][][][
][][][] 
 []


Overfull \hbox (15.62416pt too wide) in paragraph at lines 46--47
[][][][][][][][][][][][][][][][][][][][][][][][][][][][][][][] 
 []


Overfull \hbox (87.02574pt too wide) in paragraph at lines 47--48
[][][][][][][][][][][][][][][][][][][][][][][][][][][][][][][][][] 
 []


Overfull \hbox (10.52405pt too wide) in paragraph at lines 52--53
[][][][][][][][][][][][][][][][][][][][][][][][][][][][][] 
 []

[105] [106]
Overfull \hbox (10.57982pt too wide) in paragraph at lines 83--84
\OT1/cmr/m/n/12 i-fied in the for-mat \OT1/cmtt/m/n/12 YYYY-MM-DD/runXXX \OT1/c
mr/m/n/12 (for ex-am-ple \OT1/cmtt/m/n/12 2013-07-21/run011\OT1/cmr/m/n/12 ). 
 []

[107]
Overfull \hbox (10.57982pt too wide) in paragraph at lines 100--101
\OT1/cmr/m/n/12 i-fied in the for-mat \OT1/cmtt/m/n/12 YYYY-MM-DD/runXXX \OT1/c
mr/m/n/12 (for ex-am-ple \OT1/cmtt/m/n/12 2013-07-21/run011\OT1/cmr/m/n/12 ). 
 []

[108]
Overfull \hbox (2.31413pt too wide) in paragraph at lines 105--106
[]\OT1/cmtt/m/n/12 -C[r,g,b] --channels [r,g,b] \OT1/cmr/m/n/12 Which chan-nels
 to op-er-ate the pipeline
 []

[109]
Overfull \hbox (10.52405pt too wide) in paragraph at lines 119--120
[][][][][][][][][][][][][][][][][][][][][][][][][] 
 []


Overfull \hbox (10.52405pt too wide) in paragraph at lines 120--121
[][][][][][][][][][][][][][][][][][][][][][][][][] 
 []


Overfull \hbox (10.52405pt too wide) in paragraph at lines 121--122
[][][][][][][][][][][][][][][][][][][][][][][][][] 
 []


Overfull \hbox (10.52405pt too wide) in paragraph at lines 122--123
[][][][][][][][][][][][][][][][][][][][][][][][][] 
 []


Overfull \hbox (10.57982pt too wide) in paragraph at lines 139--140
\OT1/cmr/m/n/12 i-fied in the for-mat \OT1/cmtt/m/n/12 YYYY-MM-DD/runXXX \OT1/c
mr/m/n/12 (for ex-am-ple \OT1/cmtt/m/n/12 2013-07-21/run011\OT1/cmr/m/n/12 ). 
 []

[110]
Overfull \hbox (10.57982pt too wide) in paragraph at lines 151--152
\OT1/cmr/m/n/12 i-fied in the for-mat \OT1/cmtt/m/n/12 YYYY-MM-DD/runXXX \OT1/c
mr/m/n/12 (for ex-am-ple \OT1/cmtt/m/n/12 2013-07-21/run011\OT1/cmr/m/n/12 ). 
 []

[111]
Overfull \hbox (10.57982pt too wide) in paragraph at lines 163--164
\OT1/cmr/m/n/12 i-fied in the for-mat \OT1/cmtt/m/n/12 YYYY-MM-DD/runXXX \OT1/c
mr/m/n/12 (for ex-am-ple \OT1/cmtt/m/n/12 2013-07-21/run011\OT1/cmr/m/n/12 ). 
 []


Overfull \hbox (10.57982pt too wide) in paragraph at lines 174--175
\OT1/cmr/m/n/12 i-fied in the for-mat \OT1/cmtt/m/n/12 YYYY-MM-DD/runXXX \OT1/c
mr/m/n/12 (for ex-am-ple \OT1/cmtt/m/n/12 2013-07-21/run011\OT1/cmr/m/n/12 ). 
 []

[112] [113] <images/index_webpage.png, id=2410, 975.645pt x 1755.55875pt>
File: images/index_webpage.png Graphic file (type png)

<use images/index_webpage.png>
Package pdftex.def Info: images/index_webpage.png used on input line 200.
(pdftex.def)             Requested size: 341.43306pt x 614.37442pt.


LaTeX Warning: Float too large for page by 26.91273pt on input line 203.

[114] [115 <./images/index_webpage.png>] [116]
<images/selectedobject.png, id=2432, 140.02313pt x 140.02313pt>
File: images/selectedobject.png Graphic file (type png)

<use images/selectedobject.png>
Package pdftex.def Info: images/selectedobject.png used on input line 227.
(pdftex.def)             Requested size: 113.81102pt x 113.8155pt.

<images/selectedcomparison.png, id=2433, 140.02313pt x 140.02313pt>
File: images/selectedcomparison.png Graphic file (type png)

<use images/selectedcomparison.png>
Package pdftex.def Info: images/selectedcomparison.png used on input line 228.
(pdftex.def)             Requested size: 113.81102pt x 113.8155pt.
 [117]
<images/webcontrols.png, id=2440, 725.71124pt x 105.39375pt>
File: images/webcontrols.png Graphic file (type png)

<use images/webcontrols.png>
Package pdftex.def Info: images/webcontrols.png used on input line 238.
(pdftex.def)             Requested size: 398.33858pt x 57.85094pt.

Overfull \hbox (0.85359pt too wide) in paragraph at lines 238--239
 [][] 
 []

[118 <./images/selectedobject.png> <./images/selectedcomparison.png> <./images/
webcontrols.png (PNG copy)>])
Package atveryend Info: Empty hook `BeforeClearDocument' on input line 328.
 [119]
Package atveryend Info: Empty hook `AfterLastShipout' on input line 328.
 (./rashleyMSCthesis.aux)
Package atveryend Info: Executing hook `AtVeryEndDocument' on input line 328.
Package atveryend Info: Executing hook `AtEndAfterFileList' on input line 328.
Package rerunfilecheck Info: File `rashleyMSCthesis.out' has not changed.
(rerunfilecheck)             Checksum: 9C8B22B6521CA06A0910CF1F65D85096;5358.


LaTeX Warning: There were multiply-defined labels.

Package atveryend Info: Empty hook `AtVeryVeryEnd' on input line 328.
 ) 
Here is how much of TeX's memory you used:
 8060 strings out of 493747
 125527 string characters out of 3148625
 231299 words of memory out of 3500000
 10770 multiletter control sequences out of 15000+200000
 17063 words of font info for 44 fonts, out of 3000000 for 9000
 714 hyphenation exceptions out of 8191
 29i,13n,32p,2131b,881s stack positions out of 5000i,500n,10000p,200000b,50000s
{/usr/local/share/texmf/fonts/enc/dvips/base/8r.enc}</usr/local/share/texmf/f
onts/type1/public/amsfonts/cm/cmbx12.pfb></usr/local/share/texmf/fonts/type1/pu
blic/amsfonts/cm/cmex10.pfb></usr/local/share/texmf/fonts/type1/public/amsfonts
/cm/cmmi12.pfb></usr/local/share/texmf/fonts/type1/public/amsfonts/cm/cmmi6.pfb
></usr/local/share/texmf/fonts/type1/public/amsfonts/cm/cmmi8.pfb></usr/local/s
hare/texmf/fonts/type1/public/amsfonts/cm/cmr10.pfb></usr/local/share/texmf/fon
ts/type1/public/amsfonts/cm/cmr12.pfb></usr/local/share/texmf/fonts/type1/publi
c/amsfonts/cm/cmr7.pfb></usr/local/share/texmf/fonts/type1/public/amsfonts/cm/c
mr8.pfb></usr/local/share/texmf/fonts/type1/public/amsfonts/cm/cmsl12.pfb></usr
/local/share/texmf/fonts/type1/public/amsfonts/cm/cmsy10.pfb></usr/local/share/
texmf/fonts/type1/public/amsfonts/cm/cmsy8.pfb></usr/local/share/texmf/fonts/ty
pe1/public/amsfonts/cm/cmti12.pfb></usr/local/share/texmf/fonts/type1/public/am
sfonts/cm/cmtt10.pfb></usr/local/share/texmf/fonts/type1/public/amsfonts/cm/cmt
t12.pfb></usr/local/share/texmf/fonts/type1/urw/helvetic/uhvb8a.pfb></usr/local
/share/texmf/fonts/type1/urw/helvetic/uhvr8a.pfb></usr/local/share/texmf/fonts/
type1/urw/helvetic/uhvro8a.pfb>
Output written on rashleyMSCthesis.pdf (131 pages, 13285800 bytes).
PDF statistics:
 2605 PDF objects out of 2984 (max. 8388607)
 1564 compressed objects within 16 object streams
 406 named destinations out of 1000 (max. 500000)
 972 words of extra memory for PDF output out of 10000 (max. 10000000)

